{"/Users/raghav/Desktop/productivity/uni/second-year/software-engineering/Ridar/frontend/src/contexts/index.ts": {"path":"/Users/raghav/Desktop/productivity/uni/second-year/software-engineering/Ridar/frontend/src/contexts/index.ts","statementMap":{"0":{"start":{"line":24,"column":20},"end":{"line":24,"column":74}},"1":{"start":{"line":26,"column":28},"end":{"line":50,"column":1}},"2":{"start":{"line":27,"column":36},"end":{"line":31,"column":4}},"3":{"start":{"line":33,"column":18},"end":{"line":36,"column":8}},"4":{"start":{"line":34,"column":4},"end":{"line":34,"column":57}},"5":{"start":{"line":38,"column":20},"end":{"line":41,"column":8}},"6":{"start":{"line":39,"column":4},"end":{"line":39,"column":70}},"7":{"start":{"line":43,"column":34},"end":{"line":47,"column":3}},"8":{"start":{"line":49,"column":2},"end":{"line":49,"column":72}},"9":{"start":{"line":52,"column":23},"end":{"line":58,"column":1}},"10":{"start":{"line":53,"column":18},"end":{"line":53,"column":41}},"11":{"start":{"line":54,"column":2},"end":{"line":56,"column":3}},"12":{"start":{"line":55,"column":4},"end":{"line":55,"column":67}},"13":{"start":{"line":57,"column":2},"end":{"line":57,"column":17}}},"fnMap":{"0":{"name":"(anonymous_0)","decl":{"start":{"line":26,"column":28},"end":{"line":26,"column":29}},"loc":{"start":{"line":26,"column":71},"end":{"line":50,"column":1}},"line":26},"1":{"name":"(anonymous_1)","decl":{"start":{"line":33,"column":30},"end":{"line":33,"column":31}},"loc":{"start":{"line":33,"column":65},"end":{"line":36,"column":3}},"line":33},"2":{"name":"(anonymous_2)","decl":{"start":{"line":38,"column":32},"end":{"line":38,"column":33}},"loc":{"start":{"line":38,"column":38},"end":{"line":41,"column":3}},"line":38},"3":{"name":"(anonymous_3)","decl":{"start":{"line":52,"column":23},"end":{"line":52,"column":24}},"loc":{"start":{"line":52,"column":47},"end":{"line":58,"column":1}},"line":52}},"branchMap":{"0":{"loc":{"start":{"line":54,"column":2},"end":{"line":56,"column":3}},"type":"if","locations":[{"start":{"line":54,"column":2},"end":{"line":56,"column":3}},{"start":{},"end":{}}],"line":54}},"s":{"0":1,"1":1,"2":0,"3":0,"4":0,"5":0,"6":0,"7":0,"8":0,"9":1,"10":0,"11":0,"12":0,"13":0},"f":{"0":0,"1":0,"2":0,"3":0},"b":{"0":[0,0]},"_coverageSchema":"1a1c01bbd47fc00a2c39e90264f33305004495a9","hash":"a47ef983ab8c14e62d19c1c0908e419c7d1e741d"}
,"/Users/raghav/Desktop/productivity/uni/second-year/software-engineering/Ridar/frontend/src/hooks/index.ts": {"path":"/Users/raghav/Desktop/productivity/uni/second-year/software-engineering/Ridar/frontend/src/hooks/index.ts","statementMap":{"0":{"start":{"line":28,"column":28},"end":{"line":32,"column":4}},"1":{"start":{"line":34,"column":14},"end":{"line":45,"column":8}},"2":{"start":{"line":35,"column":4},"end":{"line":35,"column":57}},"3":{"start":{"line":36,"column":4},"end":{"line":44,"column":5}},"4":{"start":{"line":37,"column":21},"end":{"line":37,"column":36}},"5":{"start":{"line":38,"column":6},"end":{"line":38,"column":62}},"6":{"start":{"line":39,"column":6},"end":{"line":39,"column":20}},"7":{"start":{"line":41,"column":22},"end":{"line":41,"column":89}},"8":{"start":{"line":42,"column":6},"end":{"line":42,"column":63}},"9":{"start":{"line":43,"column":6},"end":{"line":43,"column":18}},"10":{"start":{"line":47,"column":16},"end":{"line":49,"column":8}},"11":{"start":{"line":48,"column":4},"end":{"line":48,"column":58}},"12":{"start":{"line":51,"column":2},"end":{"line":51,"column":34}},"13":{"start":{"line":61,"column":34},"end":{"line":61,"column":58}},"14":{"start":{"line":62,"column":22},"end":{"line":62,"column":31}},"15":{"start":{"line":64,"column":17},"end":{"line":80,"column":3}},"16":{"start":{"line":66,"column":21},"end":{"line":66,"column":69}},"17":{"start":{"line":66,"column":37},"end":{"line":66,"column":68}},"18":{"start":{"line":68,"column":6},"end":{"line":71,"column":7}},"19":{"start":{"line":69,"column":8},"end":{"line":69,"column":43}},"20":{"start":{"line":70,"column":8},"end":{"line":70,"column":20}},"21":{"start":{"line":73,"column":6},"end":{"line":75,"column":7}},"22":{"start":{"line":74,"column":8},"end":{"line":74,"column":79}},"23":{"start":{"line":77,"column":6},"end":{"line":77,"column":19}},"24":{"start":{"line":82,"column":2},"end":{"line":82,"column":36}},"25":{"start":{"line":89,"column":34},"end":{"line":89,"column":58}},"26":{"start":{"line":90,"column":22},"end":{"line":90,"column":31}},"27":{"start":{"line":92,"column":17},"end":{"line":108,"column":3}},"28":{"start":{"line":94,"column":21},"end":{"line":94,"column":62}},"29":{"start":{"line":94,"column":37},"end":{"line":94,"column":61}},"30":{"start":{"line":96,"column":6},"end":{"line":99,"column":7}},"31":{"start":{"line":97,"column":8},"end":{"line":97,"column":43}},"32":{"start":{"line":98,"column":8},"end":{"line":98,"column":20}},"33":{"start":{"line":101,"column":6},"end":{"line":103,"column":7}},"34":{"start":{"line":102,"column":8},"end":{"line":102,"column":75}},"35":{"start":{"line":105,"column":6},"end":{"line":105,"column":19}},"36":{"start":{"line":110,"column":2},"end":{"line":110,"column":36}},"37":{"start":{"line":117,"column":40},"end":{"line":117,"column":77}},"38":{"start":{"line":119,"column":22},"end":{"line":125,"column":3}},"39":{"start":{"line":121,"column":21},"end":{"line":121,"column":68}},"40":{"start":{"line":121,"column":37},"end":{"line":121,"column":67}},"41":{"start":{"line":122,"column":6},"end":{"line":122,"column":38}},"42":{"start":{"line":127,"column":2},"end":{"line":127,"column":74}},"43":{"start":{"line":138,"column":6},"end":{"line":138,"column":39}},"44":{"start":{"line":143,"column":6},"end":{"line":143,"column":43}},"45":{"start":{"line":145,"column":31},"end":{"line":151,"column":3}},"46":{"start":{"line":147,"column":21},"end":{"line":147,"column":85}},"47":{"start":{"line":147,"column":45},"end":{"line":147,"column":84}},"48":{"start":{"line":148,"column":6},"end":{"line":148,"column":38}},"49":{"start":{"line":153,"column":26},"end":{"line":159,"column":3}},"50":{"start":{"line":155,"column":21},"end":{"line":155,"column":88}},"51":{"start":{"line":155,"column":47},"end":{"line":155,"column":87}},"52":{"start":{"line":156,"column":6},"end":{"line":156,"column":38}},"53":{"start":{"line":161,"column":2},"end":{"line":168,"column":4}},"54":{"start":{"line":175,"column":24},"end":{"line":175,"column":33}},"55":{"start":{"line":177,"column":18},"end":{"line":179,"column":17}},"56":{"start":{"line":178,"column":4},"end":{"line":178,"column":16}},"57":{"start":{"line":181,"column":2},"end":{"line":181,"column":21}},"58":{"start":{"line":190,"column":34},"end":{"line":190,"column":67}},"59":{"start":{"line":191,"column":20},"end":{"line":191,"column":29}},"60":{"start":{"line":193,"column":27},"end":{"line":215,"column":3}},"61":{"start":{"line":195,"column":6},"end":{"line":198,"column":7}},"62":{"start":{"line":196,"column":8},"end":{"line":196,"column":78}},"63":{"start":{"line":197,"column":8},"end":{"line":197,"column":21}},"64":{"start":{"line":200,"column":21},"end":{"line":202,"column":7}},"65":{"start":{"line":201,"column":8},"end":{"line":201,"column":75}},"66":{"start":{"line":204,"column":6},"end":{"line":206,"column":7}},"67":{"start":{"line":205,"column":8},"end":{"line":205,"column":20}},"68":{"start":{"line":208,"column":6},"end":{"line":210,"column":7}},"69":{"start":{"line":209,"column":8},"end":{"line":209,"column":79}},"70":{"start":{"line":212,"column":6},"end":{"line":212,"column":19}},"71":{"start":{"line":217,"column":2},"end":{"line":217,"column":46}},"72":{"start":{"line":224,"column":40},"end":{"line":224,"column":55}},"73":{"start":{"line":225,"column":20},"end":{"line":225,"column":29}},"74":{"start":{"line":227,"column":30},"end":{"line":230,"column":18}},"75":{"start":{"line":228,"column":4},"end":{"line":228,"column":28}},"76":{"start":{"line":228,"column":16},"end":{"line":228,"column":28}},"77":{"start":{"line":229,"column":4},"end":{"line":229,"column":62}},"78":{"start":{"line":229,"column":21},"end":{"line":229,"column":60}},"79":{"start":{"line":232,"column":2},"end":{"line":232,"column":71}},"80":{"start":{"line":241,"column":34},"end":{"line":241,"column":49}},"81":{"start":{"line":242,"column":20},"end":{"line":242,"column":29}},"82":{"start":{"line":243,"column":40},"end":{"line":243,"column":55}},"83":{"start":{"line":245,"column":22},"end":{"line":262,"column":3}},"84":{"start":{"line":247,"column":6},"end":{"line":250,"column":7}},"85":{"start":{"line":248,"column":8},"end":{"line":248,"column":70}},"86":{"start":{"line":249,"column":8},"end":{"line":249,"column":21}},"87":{"start":{"line":252,"column":21},"end":{"line":252,"column":78}},"88":{"start":{"line":252,"column":37},"end":{"line":252,"column":77}},"89":{"start":{"line":254,"column":6},"end":{"line":257,"column":7}},"90":{"start":{"line":255,"column":8},"end":{"line":255,"column":29}},"91":{"start":{"line":256,"column":8},"end":{"line":256,"column":20}},"92":{"start":{"line":259,"column":6},"end":{"line":259,"column":19}},"93":{"start":{"line":264,"column":26},"end":{"line":272,"column":18}},"94":{"start":{"line":265,"column":4},"end":{"line":265,"column":29}},"95":{"start":{"line":265,"column":16},"end":{"line":265,"column":29}},"96":{"start":{"line":266,"column":19},"end":{"line":266,"column":66}},"97":{"start":{"line":266,"column":35},"end":{"line":266,"column":65}},"98":{"start":{"line":267,"column":4},"end":{"line":270,"column":5}},"99":{"start":{"line":268,"column":6},"end":{"line":268,"column":48}},"100":{"start":{"line":269,"column":6},"end":{"line":269,"column":39}},"101":{"start":{"line":271,"column":4},"end":{"line":271,"column":17}},"102":{"start":{"line":274,"column":21},"end":{"line":276,"column":11}},"103":{"start":{"line":275,"column":4},"end":{"line":275,"column":53}},"104":{"start":{"line":275,"column":21},"end":{"line":275,"column":51}},"105":{"start":{"line":278,"column":2},"end":{"line":278,"column":83}},"106":{"start":{"line":287,"column":34},"end":{"line":287,"column":49}},"107":{"start":{"line":288,"column":20},"end":{"line":288,"column":29}},"108":{"start":{"line":290,"column":26},"end":{"line":305,"column":3}},"109":{"start":{"line":297,"column":6},"end":{"line":300,"column":7}},"110":{"start":{"line":298,"column":8},"end":{"line":298,"column":77}},"111":{"start":{"line":299,"column":8},"end":{"line":299,"column":20}},"112":{"start":{"line":302,"column":6},"end":{"line":302,"column":65}},"113":{"start":{"line":302,"column":23},"end":{"line":302,"column":63}},"114":{"start":{"line":307,"column":2},"end":{"line":307,"column":45}},"115":{"start":{"line":314,"column":40},"end":{"line":314,"column":55}},"116":{"start":{"line":315,"column":20},"end":{"line":315,"column":29}},"117":{"start":{"line":317,"column":26},"end":{"line":320,"column":18}},"118":{"start":{"line":318,"column":4},"end":{"line":318,"column":28}},"119":{"start":{"line":318,"column":16},"end":{"line":318,"column":28}},"120":{"start":{"line":319,"column":4},"end":{"line":319,"column":55}},"121":{"start":{"line":319,"column":21},"end":{"line":319,"column":53}},"122":{"start":{"line":322,"column":2},"end":{"line":322,"column":63}},"123":{"start":{"line":329,"column":34},"end":{"line":329,"column":49}},"124":{"start":{"line":330,"column":20},"end":{"line":330,"column":29}},"125":{"start":{"line":332,"column":24},"end":{"line":342,"column":3}},"126":{"start":{"line":334,"column":6},"end":{"line":337,"column":7}},"127":{"start":{"line":335,"column":8},"end":{"line":335,"column":75}},"128":{"start":{"line":336,"column":8},"end":{"line":336,"column":20}},"129":{"start":{"line":339,"column":6},"end":{"line":339,"column":66}},"130":{"start":{"line":339,"column":23},"end":{"line":339,"column":64}},"131":{"start":{"line":344,"column":2},"end":{"line":344,"column":43}}},"fnMap":{"0":{"name":"useAsync","decl":{"start":{"line":27,"column":9},"end":{"line":27,"column":17}},"loc":{"start":{"line":27,"column":23},"end":{"line":52,"column":1}},"line":27},"1":{"name":"(anonymous_1)","decl":{"start":{"line":34,"column":26},"end":{"line":34,"column":27}},"loc":{"start":{"line":34,"column":82},"end":{"line":45,"column":3}},"line":34},"2":{"name":"(anonymous_2)","decl":{"start":{"line":47,"column":28},"end":{"line":47,"column":29}},"loc":{"start":{"line":47,"column":34},"end":{"line":49,"column":3}},"line":47},"3":{"name":"useSignIn","decl":{"start":{"line":60,"column":16},"end":{"line":60,"column":25}},"loc":{"start":{"line":60,"column":28},"end":{"line":83,"column":1}},"line":60},"4":{"name":"(anonymous_4)","decl":{"start":{"line":65,"column":4},"end":{"line":65,"column":5}},"loc":{"start":{"line":65,"column":44},"end":{"line":78,"column":5}},"line":65},"5":{"name":"(anonymous_5)","decl":{"start":{"line":66,"column":31},"end":{"line":66,"column":32}},"loc":{"start":{"line":66,"column":37},"end":{"line":66,"column":68}},"line":66},"6":{"name":"useSignUp","decl":{"start":{"line":88,"column":16},"end":{"line":88,"column":25}},"loc":{"start":{"line":88,"column":28},"end":{"line":111,"column":1}},"line":88},"7":{"name":"(anonymous_7)","decl":{"start":{"line":93,"column":4},"end":{"line":93,"column":5}},"loc":{"start":{"line":93,"column":32},"end":{"line":106,"column":5}},"line":93},"8":{"name":"(anonymous_8)","decl":{"start":{"line":94,"column":31},"end":{"line":94,"column":32}},"loc":{"start":{"line":94,"column":37},"end":{"line":94,"column":61}},"line":94},"9":{"name":"useVerifyEmail","decl":{"start":{"line":116,"column":16},"end":{"line":116,"column":30}},"loc":{"start":{"line":116,"column":33},"end":{"line":128,"column":1}},"line":116},"10":{"name":"(anonymous_10)","decl":{"start":{"line":120,"column":4},"end":{"line":120,"column":5}},"loc":{"start":{"line":120,"column":29},"end":{"line":123,"column":5}},"line":120},"11":{"name":"(anonymous_11)","decl":{"start":{"line":121,"column":31},"end":{"line":121,"column":32}},"loc":{"start":{"line":121,"column":37},"end":{"line":121,"column":67}},"line":121},"12":{"name":"useEmailVerificationCode","decl":{"start":{"line":133,"column":16},"end":{"line":133,"column":40}},"loc":{"start":{"line":133,"column":43},"end":{"line":169,"column":1}},"line":133},"13":{"name":"(anonymous_13)","decl":{"start":{"line":146,"column":4},"end":{"line":146,"column":5}},"loc":{"start":{"line":146,"column":29},"end":{"line":149,"column":5}},"line":146},"14":{"name":"(anonymous_14)","decl":{"start":{"line":147,"column":39},"end":{"line":147,"column":40}},"loc":{"start":{"line":147,"column":45},"end":{"line":147,"column":84}},"line":147},"15":{"name":"(anonymous_15)","decl":{"start":{"line":154,"column":4},"end":{"line":154,"column":5}},"loc":{"start":{"line":154,"column":43},"end":{"line":157,"column":5}},"line":154},"16":{"name":"(anonymous_16)","decl":{"start":{"line":155,"column":41},"end":{"line":155,"column":42}},"loc":{"start":{"line":155,"column":47},"end":{"line":155,"column":87}},"line":155},"17":{"name":"useSignOut","decl":{"start":{"line":174,"column":16},"end":{"line":174,"column":26}},"loc":{"start":{"line":174,"column":29},"end":{"line":182,"column":1}},"line":174},"18":{"name":"(anonymous_18)","decl":{"start":{"line":177,"column":30},"end":{"line":177,"column":31}},"loc":{"start":{"line":177,"column":36},"end":{"line":179,"column":3}},"line":177},"19":{"name":"useAddPaymentMethod","decl":{"start":{"line":189,"column":16},"end":{"line":189,"column":35}},"loc":{"start":{"line":189,"column":38},"end":{"line":218,"column":1}},"line":189},"20":{"name":"(anonymous_20)","decl":{"start":{"line":194,"column":4},"end":{"line":194,"column":5}},"loc":{"start":{"line":194,"column":59},"end":{"line":213,"column":5}},"line":194},"21":{"name":"(anonymous_21)","decl":{"start":{"line":200,"column":31},"end":{"line":200,"column":32}},"loc":{"start":{"line":201,"column":8},"end":{"line":201,"column":75}},"line":201},"22":{"name":"usePaymentMethods","decl":{"start":{"line":223,"column":16},"end":{"line":223,"column":33}},"loc":{"start":{"line":223,"column":36},"end":{"line":233,"column":1}},"line":223},"23":{"name":"(anonymous_23)","decl":{"start":{"line":227,"column":42},"end":{"line":227,"column":43}},"loc":{"start":{"line":227,"column":54},"end":{"line":230,"column":3}},"line":227},"24":{"name":"(anonymous_24)","decl":{"start":{"line":229,"column":15},"end":{"line":229,"column":16}},"loc":{"start":{"line":229,"column":21},"end":{"line":229,"column":60}},"line":229},"25":{"name":"useUberConnection","decl":{"start":{"line":240,"column":16},"end":{"line":240,"column":33}},"loc":{"start":{"line":240,"column":36},"end":{"line":279,"column":1}},"line":240},"26":{"name":"(anonymous_26)","decl":{"start":{"line":246,"column":4},"end":{"line":246,"column":5}},"loc":{"start":{"line":246,"column":32},"end":{"line":260,"column":5}},"line":246},"27":{"name":"(anonymous_27)","decl":{"start":{"line":252,"column":31},"end":{"line":252,"column":32}},"loc":{"start":{"line":252,"column":37},"end":{"line":252,"column":77}},"line":252},"28":{"name":"(anonymous_28)","decl":{"start":{"line":264,"column":38},"end":{"line":264,"column":39}},"loc":{"start":{"line":264,"column":50},"end":{"line":272,"column":3}},"line":264},"29":{"name":"(anonymous_29)","decl":{"start":{"line":266,"column":29},"end":{"line":266,"column":30}},"loc":{"start":{"line":266,"column":35},"end":{"line":266,"column":65}},"line":266},"30":{"name":"(anonymous_30)","decl":{"start":{"line":274,"column":33},"end":{"line":274,"column":34}},"loc":{"start":{"line":274,"column":45},"end":{"line":276,"column":3}},"line":274},"31":{"name":"(anonymous_31)","decl":{"start":{"line":275,"column":15},"end":{"line":275,"column":16}},"loc":{"start":{"line":275,"column":21},"end":{"line":275,"column":51}},"line":275},"32":{"name":"useCreateRideGroup","decl":{"start":{"line":286,"column":16},"end":{"line":286,"column":34}},"loc":{"start":{"line":286,"column":37},"end":{"line":308,"column":1}},"line":286},"33":{"name":"(anonymous_33)","decl":{"start":{"line":291,"column":4},"end":{"line":291,"column":5}},"loc":{"start":{"line":296,"column":10},"end":{"line":303,"column":5}},"line":296},"34":{"name":"(anonymous_34)","decl":{"start":{"line":302,"column":17},"end":{"line":302,"column":18}},"loc":{"start":{"line":302,"column":23},"end":{"line":302,"column":63}},"line":302},"35":{"name":"useRideGroups","decl":{"start":{"line":313,"column":16},"end":{"line":313,"column":29}},"loc":{"start":{"line":313,"column":32},"end":{"line":323,"column":1}},"line":313},"36":{"name":"(anonymous_36)","decl":{"start":{"line":317,"column":38},"end":{"line":317,"column":39}},"loc":{"start":{"line":317,"column":50},"end":{"line":320,"column":3}},"line":317},"37":{"name":"(anonymous_37)","decl":{"start":{"line":319,"column":15},"end":{"line":319,"column":16}},"loc":{"start":{"line":319,"column":21},"end":{"line":319,"column":53}},"line":319},"38":{"name":"useJoinRideGroup","decl":{"start":{"line":328,"column":16},"end":{"line":328,"column":32}},"loc":{"start":{"line":328,"column":35},"end":{"line":345,"column":1}},"line":328},"39":{"name":"(anonymous_39)","decl":{"start":{"line":333,"column":4},"end":{"line":333,"column":5}},"loc":{"start":{"line":333,"column":31},"end":{"line":340,"column":5}},"line":333},"40":{"name":"(anonymous_40)","decl":{"start":{"line":339,"column":17},"end":{"line":339,"column":18}},"loc":{"start":{"line":339,"column":23},"end":{"line":339,"column":64}},"line":339}},"branchMap":{"0":{"loc":{"start":{"line":41,"column":22},"end":{"line":41,"column":89}},"type":"cond-expr","locations":[{"start":{"line":41,"column":45},"end":{"line":41,"column":56}},{"start":{"line":41,"column":59},"end":{"line":41,"column":89}}],"line":41},"1":{"loc":{"start":{"line":68,"column":6},"end":{"line":71,"column":7}},"type":"if","locations":[{"start":{"line":68,"column":6},"end":{"line":71,"column":7}},{"start":{},"end":{}}],"line":68},"2":{"loc":{"start":{"line":68,"column":10},"end":{"line":68,"column":56}},"type":"binary-expr","locations":[{"start":{"line":68,"column":10},"end":{"line":68,"column":25}},{"start":{"line":68,"column":29},"end":{"line":68,"column":41}},{"start":{"line":68,"column":45},"end":{"line":68,"column":56}}],"line":68},"3":{"loc":{"start":{"line":73,"column":6},"end":{"line":75,"column":7}},"type":"if","locations":[{"start":{"line":73,"column":6},"end":{"line":75,"column":7}},{"start":{},"end":{}}],"line":73},"4":{"loc":{"start":{"line":73,"column":10},"end":{"line":73,"column":35}},"type":"binary-expr","locations":[{"start":{"line":73,"column":10},"end":{"line":73,"column":16}},{"start":{"line":73,"column":20},"end":{"line":73,"column":35}}],"line":73},"5":{"loc":{"start":{"line":74,"column":38},"end":{"line":74,"column":77}},"type":"binary-expr","locations":[{"start":{"line":74,"column":38},"end":{"line":74,"column":52}},{"start":{"line":74,"column":56},"end":{"line":74,"column":77}}],"line":74},"6":{"loc":{"start":{"line":96,"column":6},"end":{"line":99,"column":7}},"type":"if","locations":[{"start":{"line":96,"column":6},"end":{"line":99,"column":7}},{"start":{},"end":{}}],"line":96},"7":{"loc":{"start":{"line":96,"column":10},"end":{"line":96,"column":56}},"type":"binary-expr","locations":[{"start":{"line":96,"column":10},"end":{"line":96,"column":25}},{"start":{"line":96,"column":29},"end":{"line":96,"column":41}},{"start":{"line":96,"column":45},"end":{"line":96,"column":56}}],"line":96},"8":{"loc":{"start":{"line":101,"column":6},"end":{"line":103,"column":7}},"type":"if","locations":[{"start":{"line":101,"column":6},"end":{"line":103,"column":7}},{"start":{},"end":{}}],"line":101},"9":{"loc":{"start":{"line":101,"column":10},"end":{"line":101,"column":35}},"type":"binary-expr","locations":[{"start":{"line":101,"column":10},"end":{"line":101,"column":16}},{"start":{"line":101,"column":20},"end":{"line":101,"column":35}}],"line":101},"10":{"loc":{"start":{"line":102,"column":29},"end":{"line":102,"column":73}},"type":"binary-expr","locations":[{"start":{"line":102,"column":29},"end":{"line":102,"column":43}},{"start":{"line":102,"column":47},"end":{"line":102,"column":73}}],"line":102},"11":{"loc":{"start":{"line":122,"column":13},"end":{"line":122,"column":37}},"type":"binary-expr","locations":[{"start":{"line":122,"column":13},"end":{"line":122,"column":28}},{"start":{"line":122,"column":32},"end":{"line":122,"column":37}}],"line":122},"12":{"loc":{"start":{"line":127,"column":49},"end":{"line":127,"column":71}},"type":"binary-expr","locations":[{"start":{"line":127,"column":49},"end":{"line":127,"column":62}},{"start":{"line":127,"column":66},"end":{"line":127,"column":71}}],"line":127},"13":{"loc":{"start":{"line":148,"column":13},"end":{"line":148,"column":37}},"type":"binary-expr","locations":[{"start":{"line":148,"column":13},"end":{"line":148,"column":28}},{"start":{"line":148,"column":32},"end":{"line":148,"column":37}}],"line":148},"14":{"loc":{"start":{"line":156,"column":13},"end":{"line":156,"column":37}},"type":"binary-expr","locations":[{"start":{"line":156,"column":13},"end":{"line":156,"column":28}},{"start":{"line":156,"column":32},"end":{"line":156,"column":37}}],"line":156},"15":{"loc":{"start":{"line":195,"column":6},"end":{"line":198,"column":7}},"type":"if","locations":[{"start":{"line":195,"column":6},"end":{"line":198,"column":7}},{"start":{},"end":{}}],"line":195},"16":{"loc":{"start":{"line":204,"column":6},"end":{"line":206,"column":7}},"type":"if","locations":[{"start":{"line":204,"column":6},"end":{"line":206,"column":7}},{"start":{},"end":{}}],"line":204},"17":{"loc":{"start":{"line":208,"column":6},"end":{"line":210,"column":7}},"type":"if","locations":[{"start":{"line":208,"column":6},"end":{"line":210,"column":7}},{"start":{},"end":{}}],"line":208},"18":{"loc":{"start":{"line":208,"column":10},"end":{"line":208,"column":35}},"type":"binary-expr","locations":[{"start":{"line":208,"column":10},"end":{"line":208,"column":16}},{"start":{"line":208,"column":20},"end":{"line":208,"column":35}}],"line":208},"19":{"loc":{"start":{"line":209,"column":29},"end":{"line":209,"column":77}},"type":"binary-expr","locations":[{"start":{"line":209,"column":29},"end":{"line":209,"column":43}},{"start":{"line":209,"column":47},"end":{"line":209,"column":77}}],"line":209},"20":{"loc":{"start":{"line":228,"column":4},"end":{"line":228,"column":28}},"type":"if","locations":[{"start":{"line":228,"column":4},"end":{"line":228,"column":28}},{"start":{},"end":{}}],"line":228},"21":{"loc":{"start":{"line":247,"column":6},"end":{"line":250,"column":7}},"type":"if","locations":[{"start":{"line":247,"column":6},"end":{"line":250,"column":7}},{"start":{},"end":{}}],"line":247},"22":{"loc":{"start":{"line":254,"column":6},"end":{"line":257,"column":7}},"type":"if","locations":[{"start":{"line":254,"column":6},"end":{"line":257,"column":7}},{"start":{},"end":{}}],"line":254},"23":{"loc":{"start":{"line":265,"column":4},"end":{"line":265,"column":29}},"type":"if","locations":[{"start":{"line":265,"column":4},"end":{"line":265,"column":29}},{"start":{},"end":{}}],"line":265},"24":{"loc":{"start":{"line":267,"column":4},"end":{"line":270,"column":5}},"type":"if","locations":[{"start":{"line":267,"column":4},"end":{"line":270,"column":5}},{"start":{},"end":{}}],"line":267},"25":{"loc":{"start":{"line":267,"column":8},"end":{"line":267,"column":39}},"type":"binary-expr","locations":[{"start":{"line":267,"column":8},"end":{"line":267,"column":14}},{"start":{"line":267,"column":18},"end":{"line":267,"column":39}}],"line":267},"26":{"loc":{"start":{"line":297,"column":6},"end":{"line":300,"column":7}},"type":"if","locations":[{"start":{"line":297,"column":6},"end":{"line":300,"column":7}},{"start":{},"end":{}}],"line":297},"27":{"loc":{"start":{"line":318,"column":4},"end":{"line":318,"column":28}},"type":"if","locations":[{"start":{"line":318,"column":4},"end":{"line":318,"column":28}},{"start":{},"end":{}}],"line":318},"28":{"loc":{"start":{"line":334,"column":6},"end":{"line":337,"column":7}},"type":"if","locations":[{"start":{"line":334,"column":6},"end":{"line":337,"column":7}},{"start":{},"end":{}}],"line":334}},"s":{"0":0,"1":0,"2":0,"3":0,"4":0,"5":0,"6":0,"7":0,"8":0,"9":0,"10":0,"11":0,"12":0,"13":0,"14":0,"15":0,"16":0,"17":0,"18":0,"19":0,"20":0,"21":0,"22":0,"23":0,"24":0,"25":0,"26":0,"27":0,"28":0,"29":0,"30":0,"31":0,"32":0,"33":0,"34":0,"35":0,"36":0,"37":0,"38":0,"39":0,"40":0,"41":0,"42":0,"43":0,"44":0,"45":0,"46":0,"47":0,"48":0,"49":0,"50":0,"51":0,"52":0,"53":0,"54":0,"55":0,"56":0,"57":0,"58":0,"59":0,"60":0,"61":0,"62":0,"63":0,"64":0,"65":0,"66":0,"67":0,"68":0,"69":0,"70":0,"71":0,"72":0,"73":0,"74":0,"75":0,"76":0,"77":0,"78":0,"79":0,"80":0,"81":0,"82":0,"83":0,"84":0,"85":0,"86":0,"87":0,"88":0,"89":0,"90":0,"91":0,"92":0,"93":0,"94":0,"95":0,"96":0,"97":0,"98":0,"99":0,"100":0,"101":0,"102":0,"103":0,"104":0,"105":0,"106":0,"107":0,"108":0,"109":0,"110":0,"111":0,"112":0,"113":0,"114":0,"115":0,"116":0,"117":0,"118":0,"119":0,"120":0,"121":0,"122":0,"123":0,"124":0,"125":0,"126":0,"127":0,"128":0,"129":0,"130":0,"131":0},"f":{"0":0,"1":0,"2":0,"3":0,"4":0,"5":0,"6":0,"7":0,"8":0,"9":0,"10":0,"11":0,"12":0,"13":0,"14":0,"15":0,"16":0,"17":0,"18":0,"19":0,"20":0,"21":0,"22":0,"23":0,"24":0,"25":0,"26":0,"27":0,"28":0,"29":0,"30":0,"31":0,"32":0,"33":0,"34":0,"35":0,"36":0,"37":0,"38":0,"39":0,"40":0},"b":{"0":[0,0],"1":[0,0],"2":[0,0,0],"3":[0,0],"4":[0,0],"5":[0,0],"6":[0,0],"7":[0,0,0],"8":[0,0],"9":[0,0],"10":[0,0],"11":[0,0],"12":[0,0],"13":[0,0],"14":[0,0],"15":[0,0],"16":[0,0],"17":[0,0],"18":[0,0],"19":[0,0],"20":[0,0],"21":[0,0],"22":[0,0],"23":[0,0],"24":[0,0],"25":[0,0],"26":[0,0],"27":[0,0],"28":[0,0]},"_coverageSchema":"1a1c01bbd47fc00a2c39e90264f33305004495a9","hash":"83b7e8059fae5f87a77075a98cbc512325328ecc"}
,"/Users/raghav/Desktop/productivity/uni/second-year/software-engineering/Ridar/frontend/src/screens/CreateGroupPage.tsx": {"path":"/Users/raghav/Desktop/productivity/uni/second-year/software-engineering/Ridar/frontend/src/screens/CreateGroupPage.tsx","statementMap":{"0":{"start":{"line":21,"column":31},"end":{"line":310,"column":1}},"1":{"start":{"line":25,"column":40},"end":{"line":25,"column":52}},"2":{"start":{"line":26,"column":44},"end":{"line":26,"column":56}},"3":{"start":{"line":27,"column":50},"end":{"line":27,"column":62}},"4":{"start":{"line":28,"column":44},"end":{"line":28,"column":56}},"5":{"start":{"line":29,"column":36},"end":{"line":29,"column":48}},"6":{"start":{"line":30,"column":46},"end":{"line":30,"column":60}},"7":{"start":{"line":31,"column":36},"end":{"line":31,"column":49}},"8":{"start":{"line":32,"column":40},"end":{"line":32,"column":54}},"9":{"start":{"line":34,"column":50},"end":{"line":34,"column":65}},"10":{"start":{"line":35,"column":38},"end":{"line":35,"column":53}},"11":{"start":{"line":36,"column":40},"end":{"line":36,"column":55}},"12":{"start":{"line":38,"column":28},"end":{"line":65,"column":3}},"13":{"start":{"line":39,"column":4},"end":{"line":51,"column":7}},"14":{"start":{"line":52,"column":4},"end":{"line":64,"column":7}},"15":{"start":{"line":52,"column":23},"end":{"line":64,"column":7}},"16":{"start":{"line":67,"column":21},"end":{"line":69,"column":3}},"17":{"start":{"line":68,"column":4},"end":{"line":68,"column":25}},"18":{"start":{"line":68,"column":16},"end":{"line":68,"column":25}},"19":{"start":{"line":71,"column":2},"end":{"line":309,"column":4}},"20":{"start":{"line":312,"column":15},"end":{"line":472,"column":2}}},"fnMap":{"0":{"name":"(anonymous_0)","decl":{"start":{"line":21,"column":31},"end":{"line":21,"column":32}},"loc":{"start":{"line":24,"column":41},"end":{"line":310,"column":1}},"line":24},"1":{"name":"(anonymous_1)","decl":{"start":{"line":38,"column":28},"end":{"line":38,"column":29}},"loc":{"start":{"line":38,"column":34},"end":{"line":65,"column":3}},"line":38},"2":{"name":"(anonymous_2)","decl":{"start":{"line":67,"column":21},"end":{"line":67,"column":22}},"loc":{"start":{"line":67,"column":27},"end":{"line":69,"column":3}},"line":67}},"branchMap":{"0":{"loc":{"start":{"line":52,"column":4},"end":{"line":64,"column":7}},"type":"if","locations":[{"start":{"line":52,"column":4},"end":{"line":64,"column":7}},{"start":{},"end":{}}],"line":52},"1":{"loc":{"start":{"line":68,"column":4},"end":{"line":68,"column":25}},"type":"if","locations":[{"start":{"line":68,"column":4},"end":{"line":68,"column":25}},{"start":{},"end":{}}],"line":68}},"s":{"0":1,"1":18,"2":18,"3":18,"4":18,"5":18,"6":18,"7":18,"8":18,"9":18,"10":18,"11":18,"12":18,"13":1,"14":1,"15":1,"16":18,"17":1,"18":1,"19":18,"20":1},"f":{"0":18,"1":1,"2":1},"b":{"0":[1,0],"1":[1,0]},"_coverageSchema":"1a1c01bbd47fc00a2c39e90264f33305004495a9","hash":"33a53b87c79d12692fb0a2f5f65a10dad7a229e4"}
,"/Users/raghav/Desktop/productivity/uni/second-year/software-engineering/Ridar/frontend/src/screens/MapScreen.tsx": {"path":"/Users/raghav/Desktop/productivity/uni/second-year/software-engineering/Ridar/frontend/src/screens/MapScreen.tsx","statementMap":{"0":{"start":{"line":21,"column":28},"end":{"line":21,"column":77}},"1":{"start":{"line":32,"column":25},"end":{"line":670,"column":1}},"2":{"start":{"line":40,"column":38},"end":{"line":40,"column":53}},"3":{"start":{"line":41,"column":44},"end":{"line":41,"column":56}},"4":{"start":{"line":42,"column":40},"end":{"line":42,"column":52}},"5":{"start":{"line":43,"column":40},"end":{"line":43,"column":102}},"6":{"start":{"line":44,"column":36},"end":{"line":44,"column":98}},"7":{"start":{"line":45,"column":40},"end":{"line":45,"column":55}},"8":{"start":{"line":46,"column":48},"end":{"line":46,"column":63}},"9":{"start":{"line":47,"column":50},"end":{"line":47,"column":111}},"10":{"start":{"line":48,"column":46},"end":{"line":48,"column":107}},"11":{"start":{"line":49,"column":52},"end":{"line":49,"column":90}},"12":{"start":{"line":50,"column":54},"end":{"line":50,"column":69}},"13":{"start":{"line":51,"column":24},"end":{"line":51,"column":59}},"14":{"start":{"line":52,"column":17},"end":{"line":52,"column":38}},"15":{"start":{"line":61,"column":7},"end":{"line":61,"column":9}},"16":{"start":{"line":65,"column":24},"end":{"line":70,"column":3}},"17":{"start":{"line":72,"column":27},"end":{"line":75,"column":3}},"18":{"start":{"line":73,"column":4},"end":{"line":73,"column":31}},"19":{"start":{"line":74,"column":4},"end":{"line":74,"column":35}},"20":{"start":{"line":74,"column":21},"end":{"line":74,"column":35}},"21":{"start":{"line":77,"column":30},"end":{"line":80,"column":3}},"22":{"start":{"line":78,"column":4},"end":{"line":78,"column":36}},"23":{"start":{"line":79,"column":4},"end":{"line":79,"column":43}},"24":{"start":{"line":79,"column":25},"end":{"line":79,"column":43}},"25":{"start":{"line":82,"column":29},"end":{"line":85,"column":3}},"26":{"start":{"line":83,"column":4},"end":{"line":83,"column":35}},"27":{"start":{"line":84,"column":4},"end":{"line":84,"column":41}},"28":{"start":{"line":84,"column":24},"end":{"line":84,"column":41}},"29":{"start":{"line":87,"column":31},"end":{"line":90,"column":3}},"30":{"start":{"line":88,"column":4},"end":{"line":88,"column":54}},"31":{"start":{"line":89,"column":4},"end":{"line":89,"column":45}},"32":{"start":{"line":89,"column":26},"end":{"line":89,"column":45}},"33":{"start":{"line":92,"column":32},"end":{"line":95,"column":3}},"34":{"start":{"line":93,"column":4},"end":{"line":93,"column":49}},"35":{"start":{"line":94,"column":4},"end":{"line":94,"column":47}},"36":{"start":{"line":94,"column":27},"end":{"line":94,"column":47}},"37":{"start":{"line":97,"column":26},"end":{"line":121,"column":3}},"38":{"start":{"line":98,"column":4},"end":{"line":101,"column":5}},"39":{"start":{"line":99,"column":6},"end":{"line":99,"column":54}},"40":{"start":{"line":100,"column":6},"end":{"line":100,"column":18}},"41":{"start":{"line":103,"column":4},"end":{"line":120,"column":5}},"42":{"start":{"line":104,"column":23},"end":{"line":106,"column":7}},"43":{"start":{"line":108,"column":19},"end":{"line":108,"column":40}},"44":{"start":{"line":110,"column":6},"end":{"line":116,"column":7}},"45":{"start":{"line":111,"column":29},"end":{"line":111,"column":62}},"46":{"start":{"line":112,"column":8},"end":{"line":112,"column":49}},"47":{"start":{"line":114,"column":8},"end":{"line":114,"column":104}},"48":{"start":{"line":115,"column":8},"end":{"line":115,"column":20}},"49":{"start":{"line":118,"column":6},"end":{"line":118,"column":97}},"50":{"start":{"line":119,"column":6},"end":{"line":119,"column":18}},"51":{"start":{"line":123,"column":33},"end":{"line":158,"column":3}},"52":{"start":{"line":124,"column":4},"end":{"line":131,"column":5}},"53":{"start":{"line":125,"column":6},"end":{"line":129,"column":7}},"54":{"start":{"line":126,"column":8},"end":{"line":126,"column":32}},"55":{"start":{"line":128,"column":8},"end":{"line":128,"column":30}},"56":{"start":{"line":130,"column":6},"end":{"line":130,"column":13}},"57":{"start":{"line":133,"column":4},"end":{"line":133,"column":32}},"58":{"start":{"line":134,"column":4},"end":{"line":157,"column":5}},"59":{"start":{"line":135,"column":23},"end":{"line":139,"column":7}},"60":{"start":{"line":141,"column":19},"end":{"line":141,"column":40}},"61":{"start":{"line":143,"column":26},"end":{"line":146,"column":15}},"62":{"start":{"line":143,"column":70},"end":{"line":146,"column":7}},"63":{"start":{"line":148,"column":6},"end":{"line":152,"column":7}},"64":{"start":{"line":149,"column":8},"end":{"line":149,"column":41}},"65":{"start":{"line":151,"column":8},"end":{"line":151,"column":39}},"66":{"start":{"line":154,"column":6},"end":{"line":154,"column":56}},"67":{"start":{"line":156,"column":6},"end":{"line":156,"column":35}},"68":{"start":{"line":160,"column":31},"end":{"line":188,"column":3}},"69":{"start":{"line":161,"column":4},"end":{"line":187,"column":5}},"70":{"start":{"line":162,"column":23},"end":{"line":167,"column":7}},"71":{"start":{"line":169,"column":19},"end":{"line":169,"column":40}},"72":{"start":{"line":171,"column":6},"end":{"line":184,"column":7}},"73":{"start":{"line":172,"column":29},"end":{"line":172,"column":58}},"74":{"start":{"line":173,"column":23},"end":{"line":173,"column":56}},"75":{"start":{"line":175,"column":8},"end":{"line":183,"column":9}},"76":{"start":{"line":176,"column":10},"end":{"line":176,"column":40}},"77":{"start":{"line":177,"column":10},"end":{"line":177,"column":33}},"78":{"start":{"line":178,"column":10},"end":{"line":178,"column":34}},"79":{"start":{"line":180,"column":10},"end":{"line":180,"column":38}},"80":{"start":{"line":181,"column":10},"end":{"line":181,"column":31}},"81":{"start":{"line":182,"column":10},"end":{"line":182,"column":32}},"82":{"start":{"line":186,"column":6},"end":{"line":186,"column":57}},"83":{"start":{"line":190,"column":36},"end":{"line":204,"column":3}},"84":{"start":{"line":191,"column":4},"end":{"line":195,"column":5}},"85":{"start":{"line":192,"column":6},"end":{"line":192,"column":29}},"86":{"start":{"line":194,"column":6},"end":{"line":194,"column":27}},"87":{"start":{"line":197,"column":4},"end":{"line":199,"column":5}},"88":{"start":{"line":198,"column":6},"end":{"line":198,"column":42}},"89":{"start":{"line":201,"column":4},"end":{"line":203,"column":12}},"90":{"start":{"line":202,"column":6},"end":{"line":202,"column":49}},"91":{"start":{"line":206,"column":32},"end":{"line":260,"column":3}},"92":{"start":{"line":207,"column":4},"end":{"line":210,"column":5}},"93":{"start":{"line":208,"column":6},"end":{"line":208,"column":65}},"94":{"start":{"line":209,"column":6},"end":{"line":209,"column":13}},"95":{"start":{"line":212,"column":4},"end":{"line":212,"column":25}},"96":{"start":{"line":214,"column":4},"end":{"line":259,"column":5}},"97":{"start":{"line":215,"column":21},"end":{"line":215,"column":32}},"98":{"start":{"line":216,"column":19},"end":{"line":216,"column":28}},"99":{"start":{"line":218,"column":6},"end":{"line":224,"column":7}},"100":{"start":{"line":219,"column":22},"end":{"line":219,"column":58}},"101":{"start":{"line":220,"column":8},"end":{"line":223,"column":9}},"102":{"start":{"line":221,"column":10},"end":{"line":221,"column":32}},"103":{"start":{"line":222,"column":10},"end":{"line":222,"column":27}},"104":{"start":{"line":226,"column":6},"end":{"line":232,"column":7}},"105":{"start":{"line":227,"column":20},"end":{"line":227,"column":54}},"106":{"start":{"line":228,"column":8},"end":{"line":231,"column":9}},"107":{"start":{"line":229,"column":10},"end":{"line":229,"column":28}},"108":{"start":{"line":230,"column":10},"end":{"line":230,"column":23}},"109":{"start":{"line":234,"column":6},"end":{"line":234,"column":32}},"110":{"start":{"line":237,"column":6},"end":{"line":256,"column":14}},"111":{"start":{"line":238,"column":8},"end":{"line":255,"column":9}},"112":{"start":{"line":239,"column":10},"end":{"line":242,"column":12}},"113":{"start":{"line":243,"column":15},"end":{"line":255,"column":9}},"114":{"start":{"line":244,"column":10},"end":{"line":248,"column":18}},"115":{"start":{"line":249,"column":15},"end":{"line":255,"column":9}},"116":{"start":{"line":250,"column":10},"end":{"line":254,"column":18}},"117":{"start":{"line":258,"column":6},"end":{"line":258,"column":28}},"118":{"start":{"line":262,"column":31},"end":{"line":267,"column":3}},"119":{"start":{"line":263,"column":4},"end":{"line":263,"column":25}},"120":{"start":{"line":264,"column":4},"end":{"line":264,"column":23}},"121":{"start":{"line":265,"column":4},"end":{"line":265,"column":25}},"122":{"start":{"line":266,"column":4},"end":{"line":266,"column":23}},"123":{"start":{"line":269,"column":2},"end":{"line":669,"column":4}},"124":{"start":{"line":318,"column":30},"end":{"line":318,"column":55}},"125":{"start":{"line":324,"column":47},"end":{"line":324,"column":72}},"126":{"start":{"line":336,"column":40},"end":{"line":336,"column":77}},"127":{"start":{"line":337,"column":31},"end":{"line":337,"column":60}},"128":{"start":{"line":345,"column":22},"end":{"line":351,"column":41}},"129":{"start":{"line":348,"column":39},"end":{"line":348,"column":109}},"130":{"start":{"line":365,"column":40},"end":{"line":365,"column":78}},"131":{"start":{"line":366,"column":31},"end":{"line":366,"column":58}},"132":{"start":{"line":374,"column":22},"end":{"line":380,"column":41}},"133":{"start":{"line":377,"column":39},"end":{"line":377,"column":110}},"134":{"start":{"line":417,"column":79},"end":{"line":417,"column":103}},"135":{"start":{"line":431,"column":30},"end":{"line":431,"column":55}},"136":{"start":{"line":437,"column":47},"end":{"line":437,"column":72}},"137":{"start":{"line":449,"column":40},"end":{"line":449,"column":77}},"138":{"start":{"line":450,"column":31},"end":{"line":450,"column":60}},"139":{"start":{"line":458,"column":22},"end":{"line":464,"column":41}},"140":{"start":{"line":461,"column":39},"end":{"line":461,"column":109}},"141":{"start":{"line":478,"column":40},"end":{"line":478,"column":78}},"142":{"start":{"line":479,"column":31},"end":{"line":479,"column":58}},"143":{"start":{"line":487,"column":22},"end":{"line":493,"column":41}},"144":{"start":{"line":490,"column":39},"end":{"line":490,"column":110}},"145":{"start":{"line":530,"column":79},"end":{"line":530,"column":103}},"146":{"start":{"line":543,"column":30},"end":{"line":543,"column":50}},"147":{"start":{"line":547,"column":25},"end":{"line":547,"column":45}},"148":{"start":{"line":553,"column":16},"end":{"line":553,"column":37}},"149":{"start":{"line":554,"column":16},"end":{"line":554,"column":39}},"150":{"start":{"line":562,"column":16},"end":{"line":562,"column":37}},"151":{"start":{"line":563,"column":16},"end":{"line":563,"column":40}},"152":{"start":{"line":571,"column":16},"end":{"line":571,"column":37}},"153":{"start":{"line":572,"column":16},"end":{"line":572,"column":38}},"154":{"start":{"line":580,"column":16},"end":{"line":580,"column":37}},"155":{"start":{"line":604,"column":10},"end":{"line":613,"column":12}},"156":{"start":{"line":641,"column":25},"end":{"line":641,"column":49}},"157":{"start":{"line":672,"column":15},"end":{"line":1019,"column":2}}},"fnMap":{"0":{"name":"(anonymous_0)","decl":{"start":{"line":32,"column":25},"end":{"line":32,"column":26}},"loc":{"start":{"line":39,"column":35},"end":{"line":670,"column":1}},"line":39},"1":{"name":"(anonymous_1)","decl":{"start":{"line":72,"column":27},"end":{"line":72,"column":28}},"loc":{"start":{"line":72,"column":33},"end":{"line":75,"column":3}},"line":72},"2":{"name":"(anonymous_2)","decl":{"start":{"line":77,"column":30},"end":{"line":77,"column":31}},"loc":{"start":{"line":77,"column":36},"end":{"line":80,"column":3}},"line":77},"3":{"name":"(anonymous_3)","decl":{"start":{"line":82,"column":29},"end":{"line":82,"column":30}},"loc":{"start":{"line":82,"column":35},"end":{"line":85,"column":3}},"line":82},"4":{"name":"(anonymous_4)","decl":{"start":{"line":87,"column":31},"end":{"line":87,"column":32}},"loc":{"start":{"line":87,"column":37},"end":{"line":90,"column":3}},"line":87},"5":{"name":"(anonymous_5)","decl":{"start":{"line":92,"column":32},"end":{"line":92,"column":33}},"loc":{"start":{"line":92,"column":38},"end":{"line":95,"column":3}},"line":92},"6":{"name":"(anonymous_6)","decl":{"start":{"line":97,"column":26},"end":{"line":97,"column":27}},"loc":{"start":{"line":97,"column":111},"end":{"line":121,"column":3}},"line":97},"7":{"name":"(anonymous_7)","decl":{"start":{"line":123,"column":33},"end":{"line":123,"column":34}},"loc":{"start":{"line":123,"column":81},"end":{"line":158,"column":3}},"line":123},"8":{"name":"(anonymous_8)","decl":{"start":{"line":143,"column":48},"end":{"line":143,"column":49}},"loc":{"start":{"line":143,"column":70},"end":{"line":146,"column":7}},"line":143},"9":{"name":"(anonymous_9)","decl":{"start":{"line":160,"column":31},"end":{"line":160,"column":32}},"loc":{"start":{"line":160,"column":102},"end":{"line":188,"column":3}},"line":160},"10":{"name":"(anonymous_10)","decl":{"start":{"line":190,"column":36},"end":{"line":190,"column":37}},"loc":{"start":{"line":190,"column":77},"end":{"line":204,"column":3}},"line":190},"11":{"name":"(anonymous_11)","decl":{"start":{"line":201,"column":39},"end":{"line":201,"column":40}},"loc":{"start":{"line":201,"column":45},"end":{"line":203,"column":5}},"line":201},"12":{"name":"(anonymous_12)","decl":{"start":{"line":206,"column":32},"end":{"line":206,"column":33}},"loc":{"start":{"line":206,"column":44},"end":{"line":260,"column":3}},"line":206},"13":{"name":"(anonymous_13)","decl":{"start":{"line":237,"column":17},"end":{"line":237,"column":18}},"loc":{"start":{"line":237,"column":23},"end":{"line":256,"column":7}},"line":237},"14":{"name":"(anonymous_14)","decl":{"start":{"line":262,"column":31},"end":{"line":262,"column":32}},"loc":{"start":{"line":262,"column":37},"end":{"line":267,"column":3}},"line":262},"15":{"name":"(anonymous_15)","decl":{"start":{"line":318,"column":24},"end":{"line":318,"column":25}},"loc":{"start":{"line":318,"column":30},"end":{"line":318,"column":55}},"line":318},"16":{"name":"(anonymous_16)","decl":{"start":{"line":324,"column":41},"end":{"line":324,"column":42}},"loc":{"start":{"line":324,"column":47},"end":{"line":324,"column":72}},"line":324},"17":{"name":"(anonymous_17)","decl":{"start":{"line":336,"column":30},"end":{"line":336,"column":31}},"loc":{"start":{"line":336,"column":40},"end":{"line":336,"column":77}},"line":336},"18":{"name":"(anonymous_18)","decl":{"start":{"line":337,"column":25},"end":{"line":337,"column":26}},"loc":{"start":{"line":337,"column":31},"end":{"line":337,"column":60}},"line":337},"19":{"name":"(anonymous_19)","decl":{"start":{"line":344,"column":41},"end":{"line":344,"column":42}},"loc":{"start":{"line":345,"column":22},"end":{"line":351,"column":41}},"line":345},"20":{"name":"(anonymous_20)","decl":{"start":{"line":348,"column":33},"end":{"line":348,"column":34}},"loc":{"start":{"line":348,"column":39},"end":{"line":348,"column":109}},"line":348},"21":{"name":"(anonymous_21)","decl":{"start":{"line":365,"column":30},"end":{"line":365,"column":31}},"loc":{"start":{"line":365,"column":40},"end":{"line":365,"column":78}},"line":365},"22":{"name":"(anonymous_22)","decl":{"start":{"line":366,"column":25},"end":{"line":366,"column":26}},"loc":{"start":{"line":366,"column":31},"end":{"line":366,"column":58}},"line":366},"23":{"name":"(anonymous_23)","decl":{"start":{"line":373,"column":39},"end":{"line":373,"column":40}},"loc":{"start":{"line":374,"column":22},"end":{"line":380,"column":41}},"line":374},"24":{"name":"(anonymous_24)","decl":{"start":{"line":377,"column":33},"end":{"line":377,"column":34}},"loc":{"start":{"line":377,"column":39},"end":{"line":377,"column":110}},"line":377},"25":{"name":"(anonymous_25)","decl":{"start":{"line":417,"column":73},"end":{"line":417,"column":74}},"loc":{"start":{"line":417,"column":79},"end":{"line":417,"column":103}},"line":417},"26":{"name":"(anonymous_26)","decl":{"start":{"line":431,"column":24},"end":{"line":431,"column":25}},"loc":{"start":{"line":431,"column":30},"end":{"line":431,"column":55}},"line":431},"27":{"name":"(anonymous_27)","decl":{"start":{"line":437,"column":41},"end":{"line":437,"column":42}},"loc":{"start":{"line":437,"column":47},"end":{"line":437,"column":72}},"line":437},"28":{"name":"(anonymous_28)","decl":{"start":{"line":449,"column":30},"end":{"line":449,"column":31}},"loc":{"start":{"line":449,"column":40},"end":{"line":449,"column":77}},"line":449},"29":{"name":"(anonymous_29)","decl":{"start":{"line":450,"column":25},"end":{"line":450,"column":26}},"loc":{"start":{"line":450,"column":31},"end":{"line":450,"column":60}},"line":450},"30":{"name":"(anonymous_30)","decl":{"start":{"line":457,"column":41},"end":{"line":457,"column":42}},"loc":{"start":{"line":458,"column":22},"end":{"line":464,"column":41}},"line":458},"31":{"name":"(anonymous_31)","decl":{"start":{"line":461,"column":33},"end":{"line":461,"column":34}},"loc":{"start":{"line":461,"column":39},"end":{"line":461,"column":109}},"line":461},"32":{"name":"(anonymous_32)","decl":{"start":{"line":478,"column":30},"end":{"line":478,"column":31}},"loc":{"start":{"line":478,"column":40},"end":{"line":478,"column":78}},"line":478},"33":{"name":"(anonymous_33)","decl":{"start":{"line":479,"column":25},"end":{"line":479,"column":26}},"loc":{"start":{"line":479,"column":31},"end":{"line":479,"column":58}},"line":479},"34":{"name":"(anonymous_34)","decl":{"start":{"line":486,"column":39},"end":{"line":486,"column":40}},"loc":{"start":{"line":487,"column":22},"end":{"line":493,"column":41}},"line":487},"35":{"name":"(anonymous_35)","decl":{"start":{"line":490,"column":33},"end":{"line":490,"column":34}},"loc":{"start":{"line":490,"column":39},"end":{"line":490,"column":110}},"line":490},"36":{"name":"(anonymous_36)","decl":{"start":{"line":530,"column":73},"end":{"line":530,"column":74}},"loc":{"start":{"line":530,"column":79},"end":{"line":530,"column":103}},"line":530},"37":{"name":"(anonymous_37)","decl":{"start":{"line":543,"column":24},"end":{"line":543,"column":25}},"loc":{"start":{"line":543,"column":30},"end":{"line":543,"column":50}},"line":543},"38":{"name":"(anonymous_38)","decl":{"start":{"line":547,"column":19},"end":{"line":547,"column":20}},"loc":{"start":{"line":547,"column":25},"end":{"line":547,"column":45}},"line":547},"39":{"name":"(anonymous_39)","decl":{"start":{"line":552,"column":23},"end":{"line":552,"column":24}},"loc":{"start":{"line":552,"column":29},"end":{"line":555,"column":15}},"line":552},"40":{"name":"(anonymous_40)","decl":{"start":{"line":561,"column":23},"end":{"line":561,"column":24}},"loc":{"start":{"line":561,"column":29},"end":{"line":564,"column":15}},"line":561},"41":{"name":"(anonymous_41)","decl":{"start":{"line":570,"column":23},"end":{"line":570,"column":24}},"loc":{"start":{"line":570,"column":29},"end":{"line":573,"column":15}},"line":570},"42":{"name":"(anonymous_42)","decl":{"start":{"line":579,"column":23},"end":{"line":579,"column":24}},"loc":{"start":{"line":579,"column":29},"end":{"line":581,"column":15}},"line":579},"43":{"name":"(anonymous_43)","decl":{"start":{"line":603,"column":24},"end":{"line":603,"column":25}},"loc":{"start":{"line":604,"column":10},"end":{"line":613,"column":12}},"line":604},"44":{"name":"(anonymous_44)","decl":{"start":{"line":641,"column":19},"end":{"line":641,"column":20}},"loc":{"start":{"line":641,"column":25},"end":{"line":641,"column":49}},"line":641}},"branchMap":{"0":{"loc":{"start":{"line":21,"column":28},"end":{"line":21,"column":77}},"type":"binary-expr","locations":[{"start":{"line":21,"column":28},"end":{"line":21,"column":71}},{"start":{"line":21,"column":75},"end":{"line":21,"column":77}}],"line":21},"1":{"loc":{"start":{"line":38,"column":2},"end":{"line":38,"column":27}},"type":"default-arg","locations":[{"start":{"line":38,"column":13},"end":{"line":38,"column":27}}],"line":38},"2":{"loc":{"start":{"line":74,"column":4},"end":{"line":74,"column":35}},"type":"if","locations":[{"start":{"line":74,"column":4},"end":{"line":74,"column":35}},{"start":{},"end":{}}],"line":74},"3":{"loc":{"start":{"line":79,"column":4},"end":{"line":79,"column":43}},"type":"if","locations":[{"start":{"line":79,"column":4},"end":{"line":79,"column":43}},{"start":{},"end":{}}],"line":79},"4":{"loc":{"start":{"line":84,"column":4},"end":{"line":84,"column":41}},"type":"if","locations":[{"start":{"line":84,"column":4},"end":{"line":84,"column":41}},{"start":{},"end":{}}],"line":84},"5":{"loc":{"start":{"line":89,"column":4},"end":{"line":89,"column":45}},"type":"if","locations":[{"start":{"line":89,"column":4},"end":{"line":89,"column":45}},{"start":{},"end":{}}],"line":89},"6":{"loc":{"start":{"line":94,"column":4},"end":{"line":94,"column":47}},"type":"if","locations":[{"start":{"line":94,"column":4},"end":{"line":94,"column":47}},{"start":{},"end":{}}],"line":94},"7":{"loc":{"start":{"line":98,"column":4},"end":{"line":101,"column":5}},"type":"if","locations":[{"start":{"line":98,"column":4},"end":{"line":101,"column":5}},{"start":{},"end":{}}],"line":98},"8":{"loc":{"start":{"line":110,"column":6},"end":{"line":116,"column":7}},"type":"if","locations":[{"start":{"line":110,"column":6},"end":{"line":116,"column":7}},{"start":{"line":113,"column":13},"end":{"line":116,"column":7}}],"line":110},"9":{"loc":{"start":{"line":110,"column":10},"end":{"line":110,"column":49}},"type":"binary-expr","locations":[{"start":{"line":110,"column":10},"end":{"line":110,"column":22}},{"start":{"line":110,"column":26},"end":{"line":110,"column":49}}],"line":110},"10":{"loc":{"start":{"line":118,"column":27},"end":{"line":118,"column":95}},"type":"cond-expr","locations":[{"start":{"line":118,"column":52},"end":{"line":118,"column":65}},{"start":{"line":118,"column":68},"end":{"line":118,"column":95}}],"line":118},"11":{"loc":{"start":{"line":124,"column":4},"end":{"line":131,"column":5}},"type":"if","locations":[{"start":{"line":124,"column":4},"end":{"line":131,"column":5}},{"start":{},"end":{}}],"line":124},"12":{"loc":{"start":{"line":124,"column":8},"end":{"line":124,"column":34}},"type":"binary-expr","locations":[{"start":{"line":124,"column":8},"end":{"line":124,"column":14}},{"start":{"line":124,"column":18},"end":{"line":124,"column":34}}],"line":124},"13":{"loc":{"start":{"line":125,"column":6},"end":{"line":129,"column":7}},"type":"if","locations":[{"start":{"line":125,"column":6},"end":{"line":129,"column":7}},{"start":{"line":127,"column":13},"end":{"line":129,"column":7}}],"line":125},"14":{"loc":{"start":{"line":143,"column":26},"end":{"line":146,"column":15}},"type":"binary-expr","locations":[{"start":{"line":143,"column":26},"end":{"line":146,"column":9}},{"start":{"line":146,"column":13},"end":{"line":146,"column":15}}],"line":143},"15":{"loc":{"start":{"line":148,"column":6},"end":{"line":152,"column":7}},"type":"if","locations":[{"start":{"line":148,"column":6},"end":{"line":152,"column":7}},{"start":{"line":150,"column":13},"end":{"line":152,"column":7}}],"line":148},"16":{"loc":{"start":{"line":171,"column":6},"end":{"line":184,"column":7}},"type":"if","locations":[{"start":{"line":171,"column":6},"end":{"line":184,"column":7}},{"start":{},"end":{}}],"line":171},"17":{"loc":{"start":{"line":175,"column":8},"end":{"line":183,"column":9}},"type":"if","locations":[{"start":{"line":175,"column":8},"end":{"line":183,"column":9}},{"start":{"line":179,"column":15},"end":{"line":183,"column":9}}],"line":175},"18":{"loc":{"start":{"line":191,"column":4},"end":{"line":195,"column":5}},"type":"if","locations":[{"start":{"line":191,"column":4},"end":{"line":195,"column":5}},{"start":{"line":193,"column":11},"end":{"line":195,"column":5}}],"line":191},"19":{"loc":{"start":{"line":197,"column":4},"end":{"line":199,"column":5}},"type":"if","locations":[{"start":{"line":197,"column":4},"end":{"line":199,"column":5}},{"start":{},"end":{}}],"line":197},"20":{"loc":{"start":{"line":207,"column":4},"end":{"line":210,"column":5}},"type":"if","locations":[{"start":{"line":207,"column":4},"end":{"line":210,"column":5}},{"start":{},"end":{}}],"line":207},"21":{"loc":{"start":{"line":207,"column":8},"end":{"line":207,"column":38}},"type":"binary-expr","locations":[{"start":{"line":207,"column":8},"end":{"line":207,"column":22}},{"start":{"line":207,"column":26},"end":{"line":207,"column":38}}],"line":207},"22":{"loc":{"start":{"line":218,"column":6},"end":{"line":224,"column":7}},"type":"if","locations":[{"start":{"line":218,"column":6},"end":{"line":224,"column":7}},{"start":{},"end":{}}],"line":218},"23":{"loc":{"start":{"line":218,"column":10},"end":{"line":218,"column":39}},"type":"binary-expr","locations":[{"start":{"line":218,"column":10},"end":{"line":218,"column":23}},{"start":{"line":218,"column":27},"end":{"line":218,"column":39}}],"line":218},"24":{"loc":{"start":{"line":220,"column":8},"end":{"line":223,"column":9}},"type":"if","locations":[{"start":{"line":220,"column":8},"end":{"line":223,"column":9}},{"start":{},"end":{}}],"line":220},"25":{"loc":{"start":{"line":226,"column":6},"end":{"line":232,"column":7}},"type":"if","locations":[{"start":{"line":226,"column":6},"end":{"line":232,"column":7}},{"start":{},"end":{}}],"line":226},"26":{"loc":{"start":{"line":226,"column":10},"end":{"line":226,"column":35}},"type":"binary-expr","locations":[{"start":{"line":226,"column":10},"end":{"line":226,"column":21}},{"start":{"line":226,"column":25},"end":{"line":226,"column":35}}],"line":226},"27":{"loc":{"start":{"line":228,"column":8},"end":{"line":231,"column":9}},"type":"if","locations":[{"start":{"line":228,"column":8},"end":{"line":231,"column":9}},{"start":{},"end":{}}],"line":228},"28":{"loc":{"start":{"line":238,"column":8},"end":{"line":255,"column":9}},"type":"if","locations":[{"start":{"line":238,"column":8},"end":{"line":255,"column":9}},{"start":{"line":243,"column":15},"end":{"line":255,"column":9}}],"line":238},"29":{"loc":{"start":{"line":238,"column":12},"end":{"line":238,"column":30}},"type":"binary-expr","locations":[{"start":{"line":238,"column":12},"end":{"line":238,"column":20}},{"start":{"line":238,"column":24},"end":{"line":238,"column":30}}],"line":238},"30":{"loc":{"start":{"line":243,"column":15},"end":{"line":255,"column":9}},"type":"if","locations":[{"start":{"line":243,"column":15},"end":{"line":255,"column":9}},{"start":{"line":249,"column":15},"end":{"line":255,"column":9}}],"line":243},"31":{"loc":{"start":{"line":249,"column":15},"end":{"line":255,"column":9}},"type":"if","locations":[{"start":{"line":249,"column":15},"end":{"line":255,"column":9}},{"start":{},"end":{}}],"line":249},"32":{"loc":{"start":{"line":339,"column":15},"end":{"line":355,"column":15}},"type":"binary-expr","locations":[{"start":{"line":339,"column":15},"end":{"line":339,"column":44}},{"start":{"line":339,"column":48},"end":{"line":339,"column":75}},{"start":{"line":340,"column":16},"end":{"line":354,"column":23}}],"line":339},"33":{"loc":{"start":{"line":341,"column":19},"end":{"line":353,"column":19}},"type":"cond-expr","locations":[{"start":{"line":342,"column":20},"end":{"line":342,"column":70}},{"start":{"line":344,"column":20},"end":{"line":352,"column":22}}],"line":341},"34":{"loc":{"start":{"line":368,"column":15},"end":{"line":384,"column":15}},"type":"binary-expr","locations":[{"start":{"line":368,"column":15},"end":{"line":368,"column":42}},{"start":{"line":368,"column":46},"end":{"line":368,"column":71}},{"start":{"line":369,"column":16},"end":{"line":383,"column":23}}],"line":368},"35":{"loc":{"start":{"line":370,"column":19},"end":{"line":382,"column":19}},"type":"cond-expr","locations":[{"start":{"line":371,"column":20},"end":{"line":371,"column":70}},{"start":{"line":373,"column":20},"end":{"line":381,"column":22}}],"line":370},"36":{"loc":{"start":{"line":392,"column":15},"end":{"line":396,"column":15}},"type":"cond-expr","locations":[{"start":{"line":393,"column":16},"end":{"line":393,"column":63}},{"start":{"line":395,"column":16},"end":{"line":395,"column":66}}],"line":392},"37":{"loc":{"start":{"line":407,"column":7},"end":{"line":425,"column":7}},"type":"binary-expr","locations":[{"start":{"line":407,"column":7},"end":{"line":407,"column":23}},{"start":{"line":407,"column":28},"end":{"line":407,"column":39}},{"start":{"line":407,"column":43},"end":{"line":407,"column":52}},{"start":{"line":408,"column":8},"end":{"line":424,"column":15}}],"line":407},"38":{"loc":{"start":{"line":410,"column":13},"end":{"line":414,"column":36}},"type":"cond-expr","locations":[{"start":{"line":411,"column":16},"end":{"line":411,"column":52}},{"start":{"line":412,"column":16},"end":{"line":414,"column":36}}],"line":410},"39":{"loc":{"start":{"line":410,"column":13},"end":{"line":410,"column":41}},"type":"binary-expr","locations":[{"start":{"line":410,"column":13},"end":{"line":410,"column":26}},{"start":{"line":410,"column":30},"end":{"line":410,"column":41}}],"line":410},"40":{"loc":{"start":{"line":412,"column":16},"end":{"line":414,"column":36}},"type":"cond-expr","locations":[{"start":{"line":413,"column":16},"end":{"line":413,"column":40}},{"start":{"line":414,"column":16},"end":{"line":414,"column":36}}],"line":412},"41":{"loc":{"start":{"line":452,"column":15},"end":{"line":468,"column":15}},"type":"binary-expr","locations":[{"start":{"line":452,"column":15},"end":{"line":452,"column":44}},{"start":{"line":452,"column":48},"end":{"line":452,"column":75}},{"start":{"line":453,"column":16},"end":{"line":467,"column":23}}],"line":452},"42":{"loc":{"start":{"line":454,"column":19},"end":{"line":466,"column":19}},"type":"cond-expr","locations":[{"start":{"line":455,"column":20},"end":{"line":455,"column":70}},{"start":{"line":457,"column":20},"end":{"line":465,"column":22}}],"line":454},"43":{"loc":{"start":{"line":481,"column":15},"end":{"line":497,"column":15}},"type":"binary-expr","locations":[{"start":{"line":481,"column":15},"end":{"line":481,"column":42}},{"start":{"line":481,"column":46},"end":{"line":481,"column":71}},{"start":{"line":482,"column":16},"end":{"line":496,"column":23}}],"line":481},"44":{"loc":{"start":{"line":483,"column":19},"end":{"line":495,"column":19}},"type":"cond-expr","locations":[{"start":{"line":484,"column":20},"end":{"line":484,"column":70}},{"start":{"line":486,"column":20},"end":{"line":494,"column":22}}],"line":483},"45":{"loc":{"start":{"line":505,"column":15},"end":{"line":509,"column":15}},"type":"cond-expr","locations":[{"start":{"line":506,"column":16},"end":{"line":506,"column":63}},{"start":{"line":508,"column":16},"end":{"line":508,"column":66}}],"line":505},"46":{"loc":{"start":{"line":520,"column":7},"end":{"line":538,"column":7}},"type":"binary-expr","locations":[{"start":{"line":520,"column":7},"end":{"line":520,"column":23}},{"start":{"line":520,"column":28},"end":{"line":520,"column":39}},{"start":{"line":520,"column":43},"end":{"line":520,"column":52}},{"start":{"line":521,"column":8},"end":{"line":537,"column":15}}],"line":520},"47":{"loc":{"start":{"line":523,"column":13},"end":{"line":527,"column":36}},"type":"cond-expr","locations":[{"start":{"line":524,"column":16},"end":{"line":524,"column":52}},{"start":{"line":525,"column":16},"end":{"line":527,"column":36}}],"line":523},"48":{"loc":{"start":{"line":523,"column":13},"end":{"line":523,"column":41}},"type":"binary-expr","locations":[{"start":{"line":523,"column":13},"end":{"line":523,"column":26}},{"start":{"line":523,"column":30},"end":{"line":523,"column":41}}],"line":523},"49":{"loc":{"start":{"line":525,"column":16},"end":{"line":527,"column":36}},"type":"cond-expr","locations":[{"start":{"line":526,"column":16},"end":{"line":526,"column":40}},{"start":{"line":527,"column":16},"end":{"line":527,"column":36}}],"line":525},"50":{"loc":{"start":{"line":617,"column":9},"end":{"line":624,"column":9}},"type":"binary-expr","locations":[{"start":{"line":617,"column":9},"end":{"line":617,"column":20}},{"start":{"line":618,"column":10},"end":{"line":623,"column":12}}],"line":617},"51":{"loc":{"start":{"line":627,"column":9},"end":{"line":634,"column":9}},"type":"binary-expr","locations":[{"start":{"line":627,"column":9},"end":{"line":627,"column":18}},{"start":{"line":628,"column":10},"end":{"line":633,"column":12}}],"line":627}},"s":{"0":1,"1":1,"2":7,"3":7,"4":7,"5":7,"6":7,"7":7,"8":7,"9":7,"10":7,"11":7,"12":7,"13":7,"14":7,"15":7,"16":7,"17":7,"18":1,"19":1,"20":1,"21":7,"22":1,"23":1,"24":1,"25":7,"26":1,"27":1,"28":1,"29":7,"30":1,"31":1,"32":1,"33":7,"34":1,"35":1,"36":1,"37":7,"38":0,"39":0,"40":0,"41":0,"42":0,"43":0,"44":0,"45":0,"46":0,"47":0,"48":0,"49":0,"50":0,"51":7,"52":0,"53":0,"54":0,"55":0,"56":0,"57":0,"58":0,"59":0,"60":0,"61":0,"62":0,"63":0,"64":0,"65":0,"66":0,"67":0,"68":7,"69":0,"70":0,"71":0,"72":0,"73":0,"74":0,"75":0,"76":0,"77":0,"78":0,"79":0,"80":0,"81":0,"82":0,"83":7,"84":0,"85":0,"86":0,"87":0,"88":0,"89":0,"90":0,"91":7,"92":0,"93":0,"94":0,"95":0,"96":0,"97":0,"98":0,"99":0,"100":0,"101":0,"102":0,"103":0,"104":0,"105":0,"106":0,"107":0,"108":0,"109":0,"110":0,"111":0,"112":0,"113":0,"114":0,"115":0,"116":0,"117":0,"118":7,"119":0,"120":0,"121":0,"122":0,"123":7,"124":0,"125":0,"126":0,"127":0,"128":0,"129":0,"130":0,"131":0,"132":0,"133":0,"134":0,"135":0,"136":0,"137":0,"138":0,"139":0,"140":0,"141":0,"142":0,"143":0,"144":0,"145":0,"146":0,"147":0,"148":0,"149":0,"150":0,"151":0,"152":0,"153":0,"154":0,"155":0,"156":0,"157":1},"f":{"0":7,"1":1,"2":1,"3":1,"4":1,"5":1,"6":0,"7":0,"8":0,"9":0,"10":0,"11":0,"12":0,"13":0,"14":0,"15":0,"16":0,"17":0,"18":0,"19":0,"20":0,"21":0,"22":0,"23":0,"24":0,"25":0,"26":0,"27":0,"28":0,"29":0,"30":0,"31":0,"32":0,"33":0,"34":0,"35":0,"36":0,"37":0,"38":0,"39":0,"40":0,"41":0,"42":0,"43":0,"44":0},"b":{"0":[1,1],"1":[6],"2":[1,0],"3":[1,0],"4":[1,0],"5":[1,0],"6":[1,0],"7":[0,0],"8":[0,0],"9":[0,0],"10":[0,0],"11":[0,0],"12":[0,0],"13":[0,0],"14":[0,0],"15":[0,0],"16":[0,0],"17":[0,0],"18":[0,0],"19":[0,0],"20":[0,0],"21":[0,0],"22":[0,0],"23":[0,0],"24":[0,0],"25":[0,0],"26":[0,0],"27":[0,0],"28":[0,0],"29":[0,0],"30":[0,0],"31":[0,0],"32":[7,0,0],"33":[0,0],"34":[7,0,0],"35":[0,0],"36":[0,7],"37":[7,7,7,0],"38":[0,0],"39":[0,0],"40":[0,0],"41":[7,0,0],"42":[0,0],"43":[7,0,0],"44":[0,0],"45":[0,7],"46":[7,7,7,0],"47":[0,0],"48":[0,0],"49":[0,0],"50":[7,0],"51":[7,0]},"_coverageSchema":"1a1c01bbd47fc00a2c39e90264f33305004495a9","hash":"54c066052f6ebe7cef89c4a36b7b30f5cb31ba00"}
,"/Users/raghav/Desktop/productivity/uni/second-year/software-engineering/Ridar/frontend/src/screens/ModeratorDashboard.tsx": {"path":"/Users/raghav/Desktop/productivity/uni/second-year/software-engineering/Ridar/frontend/src/screens/ModeratorDashboard.tsx","statementMap":{"0":{"start":{"line":28,"column":30},"end":{"line":59,"column":1}},"1":{"start":{"line":61,"column":69},"end":{"line":327,"column":1}},"2":{"start":{"line":62,"column":46},"end":{"line":62,"column":75}},"3":{"start":{"line":63,"column":32},"end":{"line":63,"column":53}},"4":{"start":{"line":65,"column":16},"end":{"line":69,"column":3}},"5":{"start":{"line":66,"column":35},"end":{"line":66,"column":57}},"6":{"start":{"line":67,"column":41},"end":{"line":67,"column":69}},"7":{"start":{"line":68,"column":36},"end":{"line":68,"column":86}},"8":{"start":{"line":71,"column":30},"end":{"line":78,"column":3}},"9":{"start":{"line":72,"column":4},"end":{"line":76,"column":6}},"10":{"start":{"line":74,"column":8},"end":{"line":74,"column":69}},"11":{"start":{"line":77,"column":4},"end":{"line":77,"column":28}},"12":{"start":{"line":80,"column":29},"end":{"line":87,"column":3}},"13":{"start":{"line":81,"column":4},"end":{"line":85,"column":6}},"14":{"start":{"line":83,"column":8},"end":{"line":83,"column":69}},"15":{"start":{"line":86,"column":4},"end":{"line":86,"column":28}},"16":{"start":{"line":89,"column":28},"end":{"line":96,"column":3}},"17":{"start":{"line":90,"column":4},"end":{"line":94,"column":6}},"18":{"start":{"line":92,"column":8},"end":{"line":92,"column":74}},"19":{"start":{"line":95,"column":4},"end":{"line":95,"column":28}},"20":{"start":{"line":98,"column":25},"end":{"line":111,"column":3}},"21":{"start":{"line":99,"column":4},"end":{"line":110,"column":5}},"22":{"start":{"line":101,"column":8},"end":{"line":101,"column":30}},"23":{"start":{"line":103,"column":8},"end":{"line":103,"column":27}},"24":{"start":{"line":105,"column":8},"end":{"line":105,"column":30}},"25":{"start":{"line":107,"column":8},"end":{"line":107,"column":29}},"26":{"start":{"line":109,"column":8},"end":{"line":109,"column":27}},"27":{"start":{"line":113,"column":27},"end":{"line":126,"column":3}},"28":{"start":{"line":114,"column":4},"end":{"line":125,"column":5}},"29":{"start":{"line":116,"column":8},"end":{"line":116,"column":37}},"30":{"start":{"line":118,"column":8},"end":{"line":118,"column":34}},"31":{"start":{"line":120,"column":8},"end":{"line":120,"column":37}},"32":{"start":{"line":122,"column":8},"end":{"line":122,"column":36}},"33":{"start":{"line":124,"column":8},"end":{"line":124,"column":35}},"34":{"start":{"line":128,"column":27},"end":{"line":153,"column":3}},"35":{"start":{"line":129,"column":4},"end":{"line":152,"column":16}},"36":{"start":{"line":131,"column":21},"end":{"line":131,"column":44}},"37":{"start":{"line":155,"column":2},"end":{"line":283,"column":3}},"38":{"start":{"line":156,"column":4},"end":{"line":282,"column":6}},"39":{"start":{"line":159,"column":62},"end":{"line":159,"column":85}},"40":{"start":{"line":240,"column":31},"end":{"line":240,"column":67}},"41":{"start":{"line":247,"column":31},"end":{"line":247,"column":69}},"42":{"start":{"line":254,"column":31},"end":{"line":254,"column":68}},"43":{"start":{"line":265,"column":31},"end":{"line":265,"column":69}},"44":{"start":{"line":272,"column":31},"end":{"line":272,"column":68}},"45":{"start":{"line":285,"column":2},"end":{"line":326,"column":4}},"46":{"start":{"line":317,"column":36},"end":{"line":317,"column":43}},"47":{"start":{"line":329,"column":15},"end":{"line":541,"column":2}}},"fnMap":{"0":{"name":"(anonymous_0)","decl":{"start":{"line":61,"column":69},"end":{"line":61,"column":70}},"loc":{"start":{"line":61,"column":87},"end":{"line":327,"column":1}},"line":61},"1":{"name":"(anonymous_1)","decl":{"start":{"line":66,"column":28},"end":{"line":66,"column":29}},"loc":{"start":{"line":66,"column":35},"end":{"line":66,"column":57}},"line":66},"2":{"name":"(anonymous_2)","decl":{"start":{"line":67,"column":34},"end":{"line":67,"column":35}},"loc":{"start":{"line":67,"column":41},"end":{"line":67,"column":69}},"line":67},"3":{"name":"(anonymous_3)","decl":{"start":{"line":68,"column":29},"end":{"line":68,"column":30}},"loc":{"start":{"line":68,"column":36},"end":{"line":68,"column":86}},"line":68},"4":{"name":"(anonymous_4)","decl":{"start":{"line":71,"column":30},"end":{"line":71,"column":31}},"loc":{"start":{"line":71,"column":52},"end":{"line":78,"column":3}},"line":71},"5":{"name":"(anonymous_5)","decl":{"start":{"line":73,"column":18},"end":{"line":73,"column":19}},"loc":{"start":{"line":74,"column":8},"end":{"line":74,"column":69}},"line":74},"6":{"name":"(anonymous_6)","decl":{"start":{"line":80,"column":29},"end":{"line":80,"column":30}},"loc":{"start":{"line":80,"column":51},"end":{"line":87,"column":3}},"line":80},"7":{"name":"(anonymous_7)","decl":{"start":{"line":82,"column":18},"end":{"line":82,"column":19}},"loc":{"start":{"line":83,"column":8},"end":{"line":83,"column":69}},"line":83},"8":{"name":"(anonymous_8)","decl":{"start":{"line":89,"column":28},"end":{"line":89,"column":29}},"loc":{"start":{"line":89,"column":50},"end":{"line":96,"column":3}},"line":89},"9":{"name":"(anonymous_9)","decl":{"start":{"line":91,"column":18},"end":{"line":91,"column":19}},"loc":{"start":{"line":92,"column":8},"end":{"line":92,"column":74}},"line":92},"10":{"name":"(anonymous_10)","decl":{"start":{"line":98,"column":25},"end":{"line":98,"column":26}},"loc":{"start":{"line":98,"column":45},"end":{"line":111,"column":3}},"line":98},"11":{"name":"(anonymous_11)","decl":{"start":{"line":113,"column":27},"end":{"line":113,"column":28}},"loc":{"start":{"line":113,"column":47},"end":{"line":126,"column":3}},"line":113},"12":{"name":"(anonymous_12)","decl":{"start":{"line":128,"column":27},"end":{"line":128,"column":28}},"loc":{"start":{"line":129,"column":4},"end":{"line":152,"column":16}},"line":129},"13":{"name":"(anonymous_13)","decl":{"start":{"line":131,"column":15},"end":{"line":131,"column":16}},"loc":{"start":{"line":131,"column":21},"end":{"line":131,"column":44}},"line":131},"14":{"name":"(anonymous_14)","decl":{"start":{"line":159,"column":56},"end":{"line":159,"column":57}},"loc":{"start":{"line":159,"column":62},"end":{"line":159,"column":85}},"line":159},"15":{"name":"(anonymous_15)","decl":{"start":{"line":240,"column":25},"end":{"line":240,"column":26}},"loc":{"start":{"line":240,"column":31},"end":{"line":240,"column":67}},"line":240},"16":{"name":"(anonymous_16)","decl":{"start":{"line":247,"column":25},"end":{"line":247,"column":26}},"loc":{"start":{"line":247,"column":31},"end":{"line":247,"column":69}},"line":247},"17":{"name":"(anonymous_17)","decl":{"start":{"line":254,"column":25},"end":{"line":254,"column":26}},"loc":{"start":{"line":254,"column":31},"end":{"line":254,"column":68}},"line":254},"18":{"name":"(anonymous_18)","decl":{"start":{"line":265,"column":25},"end":{"line":265,"column":26}},"loc":{"start":{"line":265,"column":31},"end":{"line":265,"column":69}},"line":265},"19":{"name":"(anonymous_19)","decl":{"start":{"line":272,"column":25},"end":{"line":272,"column":26}},"loc":{"start":{"line":272,"column":31},"end":{"line":272,"column":68}},"line":272},"20":{"name":"(anonymous_20)","decl":{"start":{"line":317,"column":26},"end":{"line":317,"column":27}},"loc":{"start":{"line":317,"column":36},"end":{"line":317,"column":43}},"line":317}},"branchMap":{"0":{"loc":{"start":{"line":68,"column":36},"end":{"line":68,"column":86}},"type":"binary-expr","locations":[{"start":{"line":68,"column":36},"end":{"line":68,"column":59}},{"start":{"line":68,"column":63},"end":{"line":68,"column":86}}],"line":68},"1":{"loc":{"start":{"line":74,"column":8},"end":{"line":74,"column":69}},"type":"cond-expr","locations":[{"start":{"line":74,"column":28},"end":{"line":74,"column":65}},{"start":{"line":74,"column":68},"end":{"line":74,"column":69}}],"line":74},"2":{"loc":{"start":{"line":83,"column":8},"end":{"line":83,"column":69}},"type":"cond-expr","locations":[{"start":{"line":83,"column":28},"end":{"line":83,"column":65}},{"start":{"line":83,"column":68},"end":{"line":83,"column":69}}],"line":83},"3":{"loc":{"start":{"line":92,"column":8},"end":{"line":92,"column":74}},"type":"cond-expr","locations":[{"start":{"line":92,"column":28},"end":{"line":92,"column":70}},{"start":{"line":92,"column":73},"end":{"line":92,"column":74}}],"line":92},"4":{"loc":{"start":{"line":99,"column":4},"end":{"line":110,"column":5}},"type":"switch","locations":[{"start":{"line":100,"column":6},"end":{"line":101,"column":30}},{"start":{"line":102,"column":6},"end":{"line":103,"column":27}},{"start":{"line":104,"column":6},"end":{"line":105,"column":30}},{"start":{"line":106,"column":6},"end":{"line":107,"column":29}},{"start":{"line":108,"column":6},"end":{"line":109,"column":27}}],"line":99},"5":{"loc":{"start":{"line":114,"column":4},"end":{"line":125,"column":5}},"type":"switch","locations":[{"start":{"line":115,"column":6},"end":{"line":116,"column":37}},{"start":{"line":117,"column":6},"end":{"line":118,"column":34}},{"start":{"line":119,"column":6},"end":{"line":120,"column":37}},{"start":{"line":121,"column":6},"end":{"line":122,"column":36}},{"start":{"line":123,"column":6},"end":{"line":124,"column":35}}],"line":114},"6":{"loc":{"start":{"line":155,"column":2},"end":{"line":283,"column":3}},"type":"if","locations":[{"start":{"line":155,"column":2},"end":{"line":283,"column":3}},{"start":{},"end":{}}],"line":155},"7":{"loc":{"start":{"line":203,"column":13},"end":{"line":211,"column":13}},"type":"binary-expr","locations":[{"start":{"line":203,"column":13},"end":{"line":203,"column":36}},{"start":{"line":204,"column":14},"end":{"line":210,"column":17}}],"line":203},"8":{"loc":{"start":{"line":236,"column":11},"end":{"line":259,"column":11}},"type":"binary-expr","locations":[{"start":{"line":236,"column":11},"end":{"line":236,"column":46}},{"start":{"line":237,"column":12},"end":{"line":258,"column":19}}],"line":236},"9":{"loc":{"start":{"line":261,"column":11},"end":{"line":277,"column":11}},"type":"binary-expr","locations":[{"start":{"line":261,"column":11},"end":{"line":261,"column":52}},{"start":{"line":262,"column":12},"end":{"line":276,"column":19}}],"line":261}},"s":{"0":2,"1":2,"2":23,"3":23,"4":23,"5":69,"6":69,"7":69,"8":23,"9":2,"10":6,"11":2,"12":23,"13":1,"14":3,"15":1,"16":23,"17":2,"18":6,"19":2,"20":23,"21":55,"22":18,"23":18,"24":18,"25":1,"26":0,"27":23,"28":55,"29":18,"30":18,"31":18,"32":1,"33":0,"34":23,"35":48,"36":7,"37":23,"38":7,"39":2,"40":2,"41":2,"42":1,"43":0,"44":0,"45":16,"46":64,"47":2},"f":{"0":23,"1":69,"2":69,"3":69,"4":2,"5":6,"6":1,"7":3,"8":2,"9":6,"10":55,"11":55,"12":48,"13":7,"14":2,"15":2,"16":2,"17":1,"18":0,"19":0,"20":64},"b":{"0":[69,44],"1":[2,4],"2":[1,2],"3":[2,4],"4":[18,18,18,1,0],"5":[18,18,18,1,0],"6":[7,16],"7":[7,7],"8":[7,7],"9":[7,0]},"_coverageSchema":"1a1c01bbd47fc00a2c39e90264f33305004495a9","hash":"15399c1292fcfa5dac9d5b8d7c2cad30acab7901"}
,"/Users/raghav/Desktop/productivity/uni/second-year/software-engineering/Ridar/frontend/src/screens/ModeratorLoginScreen.tsx": {"path":"/Users/raghav/Desktop/productivity/uni/second-year/software-engineering/Ridar/frontend/src/screens/ModeratorLoginScreen.tsx","statementMap":{"0":{"start":{"line":19,"column":23},"end":{"line":23,"column":1}},"1":{"start":{"line":25,"column":73},"end":{"line":162,"column":1}},"2":{"start":{"line":29,"column":34},"end":{"line":29,"column":46}},"3":{"start":{"line":30,"column":34},"end":{"line":30,"column":46}},"4":{"start":{"line":31,"column":42},"end":{"line":31,"column":57}},"5":{"start":{"line":32,"column":36},"end":{"line":32,"column":51}},"6":{"start":{"line":34,"column":22},"end":{"line":62,"column":3}},"7":{"start":{"line":35,"column":4},"end":{"line":38,"column":5}},"8":{"start":{"line":36,"column":6},"end":{"line":36,"column":57}},"9":{"start":{"line":37,"column":6},"end":{"line":37,"column":13}},"10":{"start":{"line":40,"column":4},"end":{"line":43,"column":5}},"11":{"start":{"line":41,"column":6},"end":{"line":41,"column":57}},"12":{"start":{"line":42,"column":6},"end":{"line":42,"column":13}},"13":{"start":{"line":45,"column":4},"end":{"line":45,"column":23}},"14":{"start":{"line":48,"column":4},"end":{"line":61,"column":12}},"15":{"start":{"line":49,"column":25},"end":{"line":51,"column":7}},"16":{"start":{"line":50,"column":17},"end":{"line":50,"column":71}},"17":{"start":{"line":53,"column":6},"end":{"line":53,"column":26}},"18":{"start":{"line":55,"column":6},"end":{"line":60,"column":7}},"19":{"start":{"line":56,"column":8},"end":{"line":56,"column":18}},"20":{"start":{"line":58,"column":8},"end":{"line":58,"column":68}},"21":{"start":{"line":59,"column":8},"end":{"line":59,"column":24}},"22":{"start":{"line":64,"column":2},"end":{"line":161,"column":4}},"23":{"start":{"line":82,"column":12},"end":{"line":86,"column":19}},"24":{"start":{"line":123,"column":31},"end":{"line":123,"column":61}},"25":{"start":{"line":164,"column":15},"end":{"line":300,"column":2}}},"fnMap":{"0":{"name":"(anonymous_0)","decl":{"start":{"line":25,"column":73},"end":{"line":25,"column":74}},"loc":{"start":{"line":28,"column":6},"end":{"line":162,"column":1}},"line":28},"1":{"name":"(anonymous_1)","decl":{"start":{"line":34,"column":22},"end":{"line":34,"column":23}},"loc":{"start":{"line":34,"column":34},"end":{"line":62,"column":3}},"line":34},"2":{"name":"(anonymous_2)","decl":{"start":{"line":48,"column":15},"end":{"line":48,"column":16}},"loc":{"start":{"line":48,"column":21},"end":{"line":61,"column":5}},"line":48},"3":{"name":"(anonymous_3)","decl":{"start":{"line":50,"column":8},"end":{"line":50,"column":9}},"loc":{"start":{"line":50,"column":17},"end":{"line":50,"column":71}},"line":50},"4":{"name":"(anonymous_4)","decl":{"start":{"line":81,"column":30},"end":{"line":81,"column":31}},"loc":{"start":{"line":82,"column":12},"end":{"line":86,"column":19}},"line":82},"5":{"name":"(anonymous_5)","decl":{"start":{"line":123,"column":25},"end":{"line":123,"column":26}},"loc":{"start":{"line":123,"column":31},"end":{"line":123,"column":61}},"line":123}},"branchMap":{"0":{"loc":{"start":{"line":35,"column":4},"end":{"line":38,"column":5}},"type":"if","locations":[{"start":{"line":35,"column":4},"end":{"line":38,"column":5}},{"start":{},"end":{}}],"line":35},"1":{"loc":{"start":{"line":40,"column":4},"end":{"line":43,"column":5}},"type":"if","locations":[{"start":{"line":40,"column":4},"end":{"line":43,"column":5}},{"start":{},"end"
[...]
69}},"line":302},"17":{"name":"(anonymous_17)","decl":{"start":{"line":318,"column":35},"end":{"line":318,"column":36}},"loc":{"start":{"line":318,"column":41},"end":{"line":318,"column":72}},"line":318},"18":{"name":"(anonymous_18)","decl":{"start":{"line":337,"column":34},"end":{"line":337,"column":35}},"loc":{"start":{"line":337,"column":45},"end":{"line":342,"column":21}},"line":337},"19":{"name":"(anonymous_19)","decl":{"start":{"line":423,"column":34},"end":{"line":423,"column":35}},"loc":{"start":{"line":424,"column":22},"end":{"line":424,"column":58}},"line":424},"20":{"name":"(anonymous_20)","decl":{"start":{"line":442,"column":34},"end":{"line":442,"column":35}},"loc":{"start":{"line":443,"column":22},"end":{"line":443,"column":65}},"line":443},"21":{"name":"(anonymous_21)","decl":{"start":{"line":460,"column":27},"end":{"line":460,"column":28}},"loc":{"start":{"line":461,"column":20},"end":{"line":461,"column":79}},"line":461}},"branchMap":{"0":{"loc":{"start":{"line":66,"column":6},"end":{"line":68,"column":7}},"type":"if","locations":[{"start":{"line":66,"column":6},"end":{"line":68,"column":7}},{"start":{},"end":{}}],"line":66},"1":{"loc":{"start":{"line":66,"column":10},"end":{"line":66,"column":61}},"type":"binary-expr","locations":[{"start":{"line":66,"column":10},"end":{"line":66,"column":30}},{"start":{"line":66,"column":34},"end":{"line":66,"column":61}}],"line":66},"2":{"loc":{"start":{"line":84,"column":4},"end":{"line":87,"column":5}},"type":"if","locations":[{"start":{"line":84,"column":4},"end":{"line":87,"column":5}},{"start":{},"end":{}}],"line":84},"3":{"loc":{"start":{"line":89,"column":4},"end":{"line":92,"column":5}},"type":"if","locations":[{"start":{"line":89,"column":4},"end":{"line":92,"column":5}},{"start":{},"end":{}}],"line":89},"4":{"loc":{"start":{"line":95,"column":4},"end":{"line":105,"column":5}},"type":"if","locations":[{"start":{"line":95,"column":4},"end":{"line":105,"column":5}},{"start":{"line":99,"column":11},"end":{"line":105,"column":5}}],"line":95},"5":{"loc":{"start":{"line":100,"column":6},"end":{"line":104,"column":7}},"type":"if","locations":[{"start":{"line":100,"column":6},"end":{"line":104,"column":7}},{"start":{"line":102,"column":13},"end":{"line":104,"column":7}}],"line":100},"6":{"loc":{"start":{"line":109,"column":4},"end":{"line":112,"column":5}},"type":"if","locations":[{"start":{"line":109,"column":4},"end":{"line":112,"column":5}},{"start":{},"end":{}}],"line":109},"7":{"loc":{"start":{"line":115,"column":4},"end":{"line":125,"column":5}},"type":"if","locations":[{"start":{"line":115,"column":4},"end":{"line":125,"column":5}},{"start":{"line":118,"column":11},"end":{"line":125,"column":5}}],"line":115},"8":{"loc":{"start":{"line":120,"column":6},"end":{"line":124,"column":7}},"type":"if","locations":[{"start":{"line":120,"column":6},"end":{"line":124,"column":7}},{"start":{"line":122,"column":13},"end":{"line":124,"column":7}}],"line":120},"9":{"loc":{"start":{"line":129,"column":4},"end":{"line":132,"column":5}},"type":"if","locations":[{"start":{"line":129,"column":4},"end":{"line":132,"column":5}},{"start":{},"end":{}}],"line":129},"10":{"loc":{"start":{"line":129,"column":8},"end":{"line":129,"column":38}},"type":"binary-expr","locations":[{"start":{"line":129,"column":8},"end":{"line":129,"column":20}},{"start":{"line":129,"column":24},"end":{"line":129,"column":38}}],"line":129},"11":{"loc":{"start":{"line":134,"column":4},"end":{"line":137,"column":5}},"type":"if","locations":[{"start":{"line":134,"column":4},"end":{"line":137,"column":5}},{"start":{},"end":{}}],"line":134},"12":{"loc":{"start":{"line":139,"column":4},"end":{"line":142,"column":5}},"type":"if","locations":[{"start":{"line":139,"column":4},"end":{"line":142,"column":5}},{"start":{},"end":{}}],"line":139},"13":{"loc":{"start":{"line":153,"column":4},"end":{"line":158,"column":5}},"type":"if","locations":[{"start":{"line":153,"column":4},"end":{"line":158,"column":5}},{"start":{"line":156,"column":11},"end":{"line":158,"column":5}}],"line":153},"14":{"loc":{"start":{"line":155,"column":6},"end":{"line":155,"column":45}},"type":"if","locations":[{"start":{"line":155,"column":6},"end":{"line":155,"column":45}},{"start":{},"end":{}}],"line":155},"15":{"loc":{"start":{"line":156,"column":11},"end":{"line":158,"column":5}},"type":"if","locations":[{"start":{"line":156,"column":11},"end":{"line":158,"column":5}},{"start":{},"end":{}}],"line":156},"16":{"loc":{"start":{"line":162,"column":4},"end":{"line":162,"column":29}},"type":"if","locations":[{"start":{"line":162,"column":4},"end":{"line":162,"column":29}},{"start":{},"end":{}}],"line":162},"17":{"loc":{"start":{"line":166,"column":4},"end":{"line":174,"column":26}},"type":"binary-expr","locations":[{"start":{"line":166,"column":4},"end":{"line":166,"column":21}},{"start":{"line":167,"column":4},"end":{"line":167,"column":24}},{"start":{"line":168,"column":4},"end":{"line":168,"column":16}},{"start":{"line":169,"column":4},"end":{"line":169,"column":19}},{"start":{"line":170,"column":4},"end":{"line":170,"column":18}},{"start":{"line":171,"column":4},"end":{"line":171,"column":21}},{"start":{"line":172,"column":4},"end":{"line":172,"column":28}},{"start":{"line":173,"column":4},"end":{"line":173,"column":18}},{"start":{"line":174,"column":4},"end":{"line":174,"column":26}}],"line":166},"18":{"loc":{"start":{"line":280,"column":23},"end":{"line":280,"column":57}},"type":"binary-expr","locations":[{"start":{"line":280,"column":23},"end":{"line":280,"column":38}},{"start":{"line":280,"column":42},"end":{"line":280,"column":57}}],"line":280},"19":{"loc":{"start":{"line":307,"column":32},"end":{"line":308,"column":61}},"type":"binary-expr","locations":[{"start":{"line":307,"column":32},"end":{"line":307,"column":58}},{"start":{"line":308,"column":34},"end":{"line":308,"column":61}}],"line":307},"20":{"loc":{"start":{"line":312,"column":31},"end":{"line":312,"column":65}},"type":"binary-expr","locations":[{"start":{"line":312,"column":31},"end":{"line":312,"column":57}},{"start":{"line":312,"column":61},"end":{"line":312,"column":65}}],"line":312},"21":{"loc":{"start":{"line":349,"column":22},"end":{"line":349,"column":66}},"type":"binary-expr","locations":[{"start":{"line":349,"column":22},"end":{"line":349,"column":35}},{"start":{"line":349,"column":39},"end":{"line":349,"column":66}}],"line":349},"22":{"loc":{"start":{"line":352,"column":30},"end":{"line":352,"column":62}},"type":"binary-expr","locations":[{"start":{"line":352,"column":30},"end":{"line":352,"column":43}},{"start":{"line":352,"column":47},"end":{"line":352,"column":62}}],"line":352},"23":{"loc":{"start":{"line":355,"column":21},"end":{"line":366,"column":21}},"type":"cond-expr","locations":[{"start":{"line":356,"column":22},"end":{"line":356,"column":72}},{"start":{"line":358,"column":22},"end":{"line":365,"column":29}}],"line":355},"24":{"loc":{"start":{"line":361,"column":26},"end":{"line":361,"column":74}},"type":"binary-expr","locations":[{"start":{"line":361,"column":26},"end":{"line":361,"column":39}},{"start":{"line":361,"column":43},"end":{"line":361,"column":74}}],"line":361},"25":{"loc":{"start":{"line":364,"column":25},"end":{"line":364,"column":89}},"type":"cond-expr","locations":[{"start":{"line":364,"column":41},"end":{"line":364,"column":53}},{"start":{"line":364,"column":56},"end":{"line":364,"column":89}}],"line":364},"26":{"loc":{"start":{"line":364,"column":56},"end":{"line":364,"column":89}},"type":"cond-expr","locations":[{"start":{"line":364,"column":67},"end":{"line":364,"column":75}},{"start":{"line":364,"column":78},"end":{"line":364,"column":89}}],"line":364},"27":{"loc":{"start":{"line":370,"column":17},"end":{"line":394,"column":17}},"type":"binary-expr","locations":[{"start":{"line":370,"column":17},"end":{"line":370,"column":25}},{"start":{"line":370,"column":29},"end":{"line":370,"column":43}},{"start":{"line":371,"column":18},"end":{"line":393,"column":25}}],"line":370},"28":{"loc":{"start":{"line":384,"column":32},"end":{"line":384,"column":75}},"type":"binary-expr","locations":[{"start":{"line":384,"column":32},"end":{"line":384,"column":47}},{"start":{"line":384,"column":51},"end":{"line":384,"column":75}}],"line":384},"29":{"loc":{"start":{"line":387,"column":23},"end":{"line":391,"column":23}},"type":"cond-expr","locations":[{"start":{"line":388,"column":24},"end":{"line":388,"column":74}},{"start":{"line":390,"column":24},"end":{"line":390,"column":80}}],"line":387},"30":{"loc":{"start":{"line":396,"column":17},"end":{"line":400,"column":17}},"type":"binary-expr","locations":[{"start":{"line":396,"column":17},"end":{"line":396,"column":31}},{"start":{"line":396,"column":35},"end":{"line":396,"column":49}},{"start":{"line":396,"column":53},"end":{"line":396,"column":87}},{"start":{"line":397,"column":18},"end":{"line":399,"column":25}}],"line":396},"31":{"loc":{"start":{"line":401,"column":17},"end":{"line":405,"column":17}},"type":"binary-expr","locations":[{"start":{"line":401,"column":17},"end":{"line":401,"column":31}},{"start":{"line":401,"column":35},"end":{"line":401,"column":43}},{"start":{"line":402,"column":18},"end":{"line":404,"column":25}}],"line":401},"32":{"loc":{"start":{"line":406,"column":17},"end":{"line":410,"column":17}},"type":"binary-expr","locations":[{"start":{"line":406,"column":17},"end":{"line":406,"column":30}},{"start":{"line":407,"column":18},"end":{"line":409,"column":25}}],"line":406},"33":{"loc":{"start":{"line":452,"column":15},"end":{"line":454,"column":15}},"type":"binary-expr","locations":[{"start":{"line":452,"column":15},"end":{"line":452,"column":32}},{"start":{"line":452,"column":36},"end":{"line":452,"column":60}},{"start":{"line":452,"column":64},"end":{"line":452,"column":79}},{"start":{"line":453,"column":16},"end":{"line":453,"column":76}}],"line":452},"34":{"loc":{"start":{"line":465,"column":21},"end":{"line":465,"column":56}},"type":"cond-expr","locations":[{"start":{"line":465,"column":46},"end":{"line":465,"column":50}},{"start":{"line":465,"column":53},"end":{"line":465,"column":56}}],"line":465},"35":{"loc":{"start":{"line":478,"column":18},"end":{"line":478,"column":102}},"type":"binary-expr","locations":[{"start":{"line":478,"column":19},"end":{"line":478,"column":31}},{"start":{"line":478,"column":35},"end":{"line":478,"column":49}},{"start":{"line":478,"column":53},"end":{"line":478,"column":70}},{"start":{"line":478,"column":75},"end":{"line":478,"column":102}}],"line":478},"36":{"loc":{"start":{"line":481,"column":26},"end":{"line":481,"column":77}},"type":"binary-expr","locations":[{"start":{"line":481,"column":26},"end":{"line":481,"column":38}},{"start":{"line":481,"column":42},"end":{"line":481,"column":56}},{"start":{"line":481,"column":60},"end":{"line":481,"column":77}}],"line":481},"37":{"loc":{"start":{"line":484,"column":17},"end":{"line":490,"column":17}},"type":"cond-expr","locations":[{"start":{"line":485,"column":18},"end":{"line":485,"column":68}},{"start":{"line":487,"column":18},"end":{"line":489,"column":25}}],"line":484}},"s":{"0":1,"1":56,"2":56,"3":56,"4":56,"5":56,"6":56,"7":56,"8":56,"9":56,"10":56,"11":30,"12":30,"13":30,"14":2,"15":30,"16":56,"17":4,"18":4,"19":56,"20":4,"21":56,"22":4,"23":0,"24":0,"25":4,"26":1,"27":1,"28":3,"29":3,"30":3,"31":3,"32":3,"33":0,"34":0,"35":0,"36":56,"37":3,"38":0,"39":0,"40":3,"41":3,"42":3,"43":3,"44":0,"45":0,"46":0,"47":0,"48":56,"49":1,"50":0,"51":0,"52":1,"53":0,"54":0,"55":1,"56":0,"57":0,"58":1,"59":1,"60":1,"61":1,"62":1,"63":0,"64":0,"65":56,"66":1,"67":1,"68":56,"69":56,"70":5,"71":4,"72":4,"73":4,"74":0,"75":0,"76":224,"77":4,"78":0,"79":7,"80":7,"81":7,"82":7,"83":1,"84":1,"85":4,"86":1},"f":{"0":56,"1":30,"2":30,"3":4,"4":4,"5":4,"6":3,"7":1,"8":1,"9":5,"10":4,"11":4,"12":4,"13":0,"14":0,"15":224,"16":4,"17":0,"18":7,"19":1,"20":1,"21":4},"b":{"0":[2,28],"1":[30,29],"2":[0,4],"3":[1,3],"4":[3,0],"5":[0,0],"6":[0,3],"7":[3,0],"8":[0,0],"9":[0,1],"10":[1,1],"11":[0,1],"12":[0,1],"13":[1,0],"14":[1,0],"15":[0,0],"16":[1,0],"17":[56,36,31,27,11,11,5,5,5],"18":[56,45],"19":[224,11],"20":[224,11],"21":[56,3],"22":[56,56],"23":[0,56],"24":[56,3],"25":[3,53],"26":[6,47],"27":[56,9,6],"28":[6,6],"29":[0,6],"30":[56,53,29,1],"31":[56,53,6],"32":[56,3],"33":[56,10,8,0],"34":[7,49],"35":[56,4,1,55],"36":[56,4,1],"37":[0,56]},"_coverageSchema":"1a1c01bbd47fc00a2c39e90264f33305004495a9","hash":"1f5ae0efbb2d89165623b3b751458d93eae44f15"}
,"/Users/raghav/Desktop/productivity/uni/second-year/software-engineering/Ridar/frontend/src/services/api/index.ts": {"path":"/Users/raghav/Desktop/productivity/uni/second-year/software-engineering/Ridar/frontend/src/services/api/index.ts","statementMap":{"0":{"start":{"line":4,"column":16},"end":{"line":4,"column":74}},"1":{"start":{"line":58,"column":23},"end":{"line":66,"column":1}},"2":{"start":{"line":59,"column":2},"end":{"line":64,"column":3}},"3":{"start":{"line":60,"column":18},"end":{"line":62,"column":7}},"4":{"start":{"line":60,"column":53},"end":{"line":62,"column":5}},"5":{"start":{"line":63,"column":4},"end":{"line":63,"column":59}},"6":{"start":{"line":65,"column":2},"end":{"line":65,"column":25}},"7":{"start":{"line":70,"column":27},"end":{"line":143,"column":1}},"8":{"start":{"line":75,"column":21},"end":{"line":81,"column":6}},"9":{"start":{"line":82,"column":4},"end":{"line":82,"column":36}},"10":{"start":{"line":89,"column":21},"end":{"line":95,"column":6}},"11":{"start":{"line":96,"column":4},"end":{"line":96,"column":36}},"12":{"start":{"line":103,"column":21},"end":{"line":109,"column":6}},"13":{"start":{"line":110,"column":4},"end":{"line":110,"column":36}},"14":{"start":{"line":117,"column":21},"end":{"line":123,"column":6}},"15":{"start":{"line":124,"column":4},"end":{"line":124,"column":36}},"16":{"start":{"line":134,"column":21},"end":{"line":140,"column":6}},"17":{"start":{"line":141,"column":4},"end":{"line":141,"column":36}},"18":{"start":{"line":147,"column":30},"end":{"line":182,"column":1}},"19":{"start":{"line":156,"column":21},"end":{"line":166,"column":6}},"20":{"start":{"line":167,"column":4},"end":{"line":167,"column":36}},"21":{"start":{"line":174,"column":21},"end":{"line":179,"column":6}},"22":{"start":{"line":180,"column":4},"end":{"line":180,"column":36}},"23":{"start":{"line":186,"column":27},"end":{"line":230,"column":1}},"24":{"start":{"line":191,"column":21},"end":{"line":196,"column":6}},"25":{"start":{"line":197,"column":4},"end":{"line":197,"column":36}},"26":{"start":{"line":207,"column":21},"end":{"line":214,"column":6}},"27":{"start":{"line":215,"column":4},"end":{"line":215,"column":36}},"28":{"start":{"line":222,"column":21},"end":{"line":227,"column":6}},"29":{"start":{"line":228,"column":4},"end":{"line":228,"column":36}},"30":{"start":{"line":234,"column":27},"end":{"line":283,"column":1}},"31":{"start":{"line":247,"column":21},"end":{"line":254,"column":6}},"32":{"start":{"line":255,"column":4},"end":{"line":255,"column":36}},"33":{"start":{"line":262,"column":21},"end":{"line":267,"column":6}},"34":{"start":{"line":268,"column":4},"end":{"line":268,"column":36}},"35":{"start":{"line":275,"column":21},"end":{"line":280,"column":6}},"36":{"start":{"line":281,"column":4},"end":{"line":281,"column":36}}},"fnMap":{"0":{"name":"(anonymous_0)","decl":{"start":{"line":58,"column":23},"end":{"line":58,"column":24}},"loc":{"start":{"line":58,"column":53},"end":{"line":66,"column":1}},"line":58},"1":{"name":"(anonymous_1)","decl":{"start":{"line":60,"column":46},"end":{"line":60,"column":47}},"loc":{"start":{"line":60,"column":53},"end":{"line":62,"column":5}},"line":60},"2":{"name":"(anonymous_2)","decl":{"start":{"line":74,"column":2},"end":{"line":74,"column":3}},"loc":{"start":{"line":74,"column":68},"end":{"line":83,"column":3}},"line":74},"3":{"name":"(anonymous_3)","decl":{"start":{"line":88,"column":2},"end":{"line":88,"column":3}},"loc":{"start":{"line":88,"column":56},"end":{"line":97,"column":3}},"line":88},"4":{"name":"(anonymous_4)","decl":{"start":{"line":102,"column":2},"end":{"line":102,"column":3}},"loc":{"start":{"line":102,"column":71},"end":{"line":111,"column":3}},"line":102},"5":{"name":"(anonymous_5)","decl":{"start":{"line":116,"column":2},"end":{"line":116,"column":3}},"loc":{"start":{"line":116,"column":76},"end":{"line":125,"column":3}},"line":116},"6":{"name":"(anonymous_6)","decl":{"start":{"line":130,"column":2},"end":{"line":130,"column":3}},"loc":{"start":{"line":133,"column":40},"end":{"line":142,"column":3}},"line":133},"7":{"name":"(anonymous_7)","decl":{"start":{"line":151,"column":2},"end":{"line":151,"column":3}},"loc":{"start":{"line":155,"column":36},"end":{"line":168,"column":3}},"line":155},"8":{"name":"(anonymous_8)","decl":{"start":{"line":173,"column":2},"end":{"line":173,"column":3}},"loc":{"start":{"line":173,"column":56},"end":{"line":181,"column":3}},"line":173},"9":{"name":"(anonymous_9)","decl":{"start":{"line":190,"column":2},"end":{"line":190,"column":3}},"loc":{"start":{"line":190,"column":41},"end":{"line":198,"column":3}},"line":190},"10":{"name":"(anonymous_10)","decl":{"start":{"line":203,"column":2},"end":{"line":203,"column":3}},"loc":{"start":{"line":206,"column":37},"end":{"line":216,"column":3}},"line":206},"11":{"name":"(anonymous_11)","decl":{"start":{"line":221,"column":2},"end":{"line":221,"column":3}},"loc":{"start":{"line":221,"column":69},"end":{"line":229,"column":3}},"line":221},"12":{"name":"(anonymous_12)","decl":{"start":{"line":238,"column":2},"end":{"line":238,"column":3}},"loc":{"start":{"line":246,"column":18},"end":{"line":256,"column":3}},"line":246},"13":{"name":"(anonymous_13)","decl":{"start":{"line":261,"column":2},"end":{"line":261,"column":3}},"loc":{"start":{"line":261,"column":52},"end":{"line":269,"column":3}},"line":261},"14":{"name":"(anonymous_14)","decl":{"start":{"line":274,"column":2},"end":{"line":274,"column":3}},"loc":{"start":{"line":274,"column":69},"end":{"line":282,"column":3}},"line":274}},"branchMap":{"0":{"loc":{"start":{"line":4,"column":16},"end":{"line":4,"column":74}},"type":"binary-expr","locations":[{"start":{"line":4,"column":16},"end":{"line":4,"column":47}},{"start":{"line":4,"column":51},"end":{"line":4,"column":74}}],"line":4},"1":{"loc":{"start":{"line":59,"column":2},"end":{"line":64,"column":3}},"type":"if","locations":[{"start":{"line":59,"column":2},"end":{"line":64,"column":3}},{"start":{},"end":{}}],"line":59},"2":{"loc":{"start":{"line":63,"column":20},"end":{"line":63,"column":57}},"type":"binary-expr","locations":[{"start":{"line":63,"column":20},"end":{"line":63,"column":33}},{"start":{"line":63,"column":37},"end":{"line":63,"column":57}}],"line":63}},"s":{"0":1,"1":1,"2":0,"3":0,"4":0,"5":0,"6":0,"7":1,"8":0,"9":0,"10":0,"11":0,"12":0,"13":0,"14":0,"15":0,"16":0,"17":0,"18":1,"19":0,"20":0,"21":0,"22":0,"23":1,"24":0,"25":0,"26":0,"27":0,"28":0,"29":0,"30":1,"31":0,"32":0,"33":0,"34":0,"35":0,"36":0},"f":{"0":0,"1":0,"2":0,"3":0,"4":0,"5":0,"6":0,"7":0,"8":0,"9":0,"10":0,"11":0,"12":0,"13":0,"14":0},"b":{"0":[1,1],"1":[0,0],"2":[0,0]},"_coverageSchema":"1a1c01bbd47fc00a2c39e90264f33305004495a9","hash":"e6f173446265d0175b64e677b2222e5926b0d12d"}
,"/Users/raghav/Desktop/productivity/uni/second-year/software-engineering/Ridar/frontend/src/theme/colors.ts": {"path":"/Users/raghav/Desktop/productivity/uni/second-year/software-engineering/Ridar/frontend/src/theme/colors.ts","statementMap":{"0":{"start":{"line":2,"column":22},"end":{"line":38,"column":1}},"1":{"start":{"line":41,"column":23},"end":{"line":48,"column":1}},"2":{"start":{"line":50,"column":29},"end":{"line":56,"column":1}},"3":{"start":{"line":58,"column":26},"end":{"line":66,"column":1}},"4":{"start":{"line":68,"column":28},"end":{"line":74,"column":1}}},"fnMap":{},"branchMap":{},"s":{"0":10,"1":10,"2":10,"3":10,"4":10},"f":{},"b":{},"_coverageSchema":"1a1c01bbd47fc00a2c39e90264f33305004495a9","hash":"09f6cbabfab8000432a5f2bec019f525027665e2"}
}
