TN:
SF:src/contexts/index.ts
FN:26,(anonymous_0)
FN:33,(anonymous_1)
FN:38,(anonymous_2)
FN:52,(anonymous_3)
FNF:4
FNH:0
FNDA:0,(anonymous_0)
FNDA:0,(anonymous_1)
FNDA:0,(anonymous_2)
FNDA:0,(anonymous_3)
DA:24,1
DA:26,1
DA:27,0
DA:33,0
DA:34,0
DA:38,0
DA:39,0
DA:43,0
DA:49,0
DA:52,1
DA:53,0
DA:54,0
DA:55,0
DA:57,0
LF:14
LH:3
BRDA:54,0,0,0
BRDA:54,0,1,0
BRF:2
BRH:0
end_of_record
TN:
SF:src/hooks/index.ts
FN:27,useAsync
FN:34,(anonymous_1)
FN:47,(anonymous_2)
FN:60,useSignIn
FN:65,(anonymous_4)
FN:66,(anonymous_5)
FN:88,useSignUp
FN:93,(anonymous_7)
FN:94,(anonymous_8)
FN:116,useVerifyEmail
FN:120,(anonymous_10)
FN:121,(anonymous_11)
FN:133,useEmailVerificationCode
FN:146,(anonymous_13)
FN:147,(anonymous_14)
FN:154,(anonymous_15)
FN:155,(anonymous_16)
FN:174,useSignOut
FN:177,(anonymous_18)
FN:189,useAddPaymentMethod
FN:194,(anonymous_20)
FN:200,(anonymous_21)
FN:223,usePaymentMethods
FN:227,(anonymous_23)
FN:229,(anonymous_24)
FN:240,useUberConnection
FN:246,(anonymous_26)
FN:252,(anonymous_27)
FN:264,(anonymous_28)
FN:266,(anonymous_29)
FN:274,(anonymous_30)
FN:275,(anonymous_31)
FN:286,useCreateRideGroup
FN:291,(anonymous_33)
FN:302,(anonymous_34)
FN:313,useRideGroups
FN:317,(anonymous_36)
FN:319,(anonymous_37)
FN:328,useJoinRideGroup
FN:333,(anonymous_39)
FN:339,(anonymous_40)
FNF:41
FNH:0
FNDA:0,useAsync
FNDA:0,(anonymous_1)
FNDA:0,(anonymous_2)
FNDA:0,useSignIn
FNDA:0,(anonymous_4)
FNDA:0,(anonymous_5)
FNDA:0,useSignUp
FNDA:0,(anonymous_7)
FNDA:0,(anonymous_8)
FNDA:0,useVerifyEmail
FNDA:0,(anonymous_10)
FNDA:0,(anonymous_11)
FNDA:0,useEmailVerificationCode
FNDA:0,(anonymous_13)
FNDA:0,(anonymous_14)
FNDA:0,(anonymous_15)
FNDA:0,(anonymous_16)
FNDA:0,useSignOut
FNDA:0,(anonymous_18)
FNDA:0,useAddPaymentMethod
FNDA:0,(anonymous_20)
FNDA:0,(anonymous_21)
FNDA:0,usePaymentMethods
FNDA:0,(anonymous_23)
FNDA:0,(anonymous_24)
FNDA:0,useUberConnection
FNDA:0,(anonymous_26)
FNDA:0,(anonymous_27)
FNDA:0,(anonymous_28)
FNDA:0,(anonymous_29)
FNDA:0,(anonymous_30)
FNDA:0,(anonymous_31)
FNDA:0,useCreateRideGroup
FNDA:0,(anonymous_33)
FNDA:0,(anonymous_34)
FNDA:0,useRideGroups
FNDA:0,(anonymous_36)
FNDA:0,(anonymous_37)
FNDA:0,useJoinRideGroup
FNDA:0,(anonymous_39)
FNDA:0,(anonymous_40)
DA:28,0
DA:34,0
DA:35,0
DA:36,0
DA:37,0
DA:38,0
DA:39,0
DA:41,0
DA:42,0
DA:43,0
DA:47,0
DA:48,0
DA:51,0
DA:61,0
DA:62,0
DA:64,0
DA:66,0
DA:68,0
DA:69,0
DA:70,0
DA:73,0
DA:74,0
DA:77,0
DA:82,0
DA:89,0
DA:90,0
DA:92,0
DA:94,0
DA:96,0
DA:97,0
DA:98,0
DA:101,0
DA:102,0
DA:105,0
DA:110,0
DA:117,0
DA:119,0
DA:121,0
DA:122,0
DA:127,0
DA:138,0
DA:143,0
DA:145,0
DA:147,0
DA:148,0
DA:153,0
DA:155,0
DA:156,0
DA:161,0
DA:175,0
DA:177,0
DA:178,0
DA:181,0
DA:190,0
DA:191,0
DA:193,0
DA:195,0
DA:196,0
DA:197,0
DA:200,0
DA:201,0
DA:204,0
DA:205,0
DA:208,0
DA:209,0
DA:212,0
DA:217,0
DA:224,0
DA:225,0
DA:227,0
DA:228,0
DA:229,0
DA:232,0
DA:241,0
DA:242,0
DA:243,0
DA:245,0
DA:247,0
DA:248,0
DA:249,0
DA:252,0
DA:254,0
DA:255,0
DA:256,0
DA:259,0
DA:264,0
DA:265,0
DA:266,0
DA:267,0
DA:268,0
DA:269,0
DA:271,0
DA:274,0
DA:275,0
DA:278,0
DA:287,0
DA:288,0
DA:290,0
DA:297,0
DA:298,0
DA:299,0
DA:302,0
DA:307,0
DA:314,0
DA:315,0
DA:317,0
DA:318,0
DA:319,0
DA:322,0
DA:329,0
DA:330,0
DA:332,0
DA:334,0
DA:335,0
DA:336,0
DA:339,0
DA:344,0
LF:117
LH:0
BRDA:41,0,0,0
BRDA:41,0,1,0
BRDA:68,1,0,0
BRDA:68,1,1,0
BRDA:68,2,0,0
BRDA:68,2,1,0
BRDA:68,2,2,0
BRDA:73,3,0,0
BRDA:73,3,1,0
BRDA:73,4,0,0
BRDA:73,4,1,0
BRDA:74,5,0,0
BRDA:74,5,1,0
BRDA:96,6,0,0
BRDA:96,6,1,0
BRDA:96,7,0,0
BRDA:96,7,1,0
BRDA:96,7,2,0
BRDA:101,8,0,0
BRDA:101,8,1,0
BRDA:101,9,0,0
BRDA:101,9,1,0
BRDA:102,10,0,0
BRDA:102,10,1,0
BRDA:122,11,0,0
BRDA:122,11,1,0
BRDA:127,12,0,0
BRDA:127,12,1,0
BRDA:148,13,0,0
BRDA:148,13,1,0
BRDA:156,14,0,0
BRDA:156,14,1,0
BRDA:195,15,0,0
BRDA:195,15,1,0
BRDA:204,16,0,0
BRDA:204,16,1,0
BRDA:208,17,0,0
BRDA:208,17,1,0
BRDA:208,18,0,0
BRDA:208,18,1,0
BRDA:209,19,0,0
BRDA:209,19,1,0
BRDA:228,20,0,0
BRDA:228,20,1,0
BRDA:247,21,0,0
BRDA:247,21,1,0
BRDA:254,22,0,0
BRDA:254,22,1,0
BRDA:265,23,0,0
BRDA:265,23,1,0
BRDA:267,24,0,0
BRDA:267,24,1,0
BRDA:267,25,0,0
BRDA:267,25,1,0
BRDA:297,26,0,0
BRDA:297,26,1,0
BRDA:318,27,0,0
BRDA:318,27,1,0
BRDA:334,28,0,0
BRDA:334,28,1,0
BRF:60
BRH:0
end_of_record
TN:
SF:src/screens/CreateGroupPage.tsx
FN:21,(anonymous_0)
FN:38,(anonymous_1)
FN:67,(anonymous_2)
FNF:3
FNH:3
FNDA:18,(anonymous_0)
FNDA:1,(anonymous_1)
FNDA:1,(anonymous_2)
DA:21,1
DA:25,18
DA:26,18
DA:27,18
DA:28,18
DA:29,18
DA:30,18
DA:31,18
DA:32,18
DA:34,18
DA:35,18
DA:36,18
DA:38,18
DA:39,1
DA:52,1
DA:67,18
DA:68,1
DA:71,18
DA:312,1
LF:19
LH:19
BRDA:52,0,0,1
BRDA:52,0,1,0
BRDA:68,1,0,1
BRDA:68,1,1,0
BRF:4
BRH:2
end_of_record
TN:
SF:src/screens/MapScreen.tsx
FN:32,(anonymous_0)
FN:72,(anonymous_1)
FN:77,(anonymous_2)
FN:82,(anonymous_3)
FN:87,(anonymous_4)
FN:92,(anonymous_5)
FN:97,(anonymous_6)
FN:123,(anonymous_7)
FN:143,(anonymous_8)
FN:160,(anonymous_9)
FN:190,(anonymous_10)
FN:201,(anonymous_11)
FN:206,(anonymous_12)
FN:237,(anonymous_13)
FN:262,(anonymous_14)
FN:318,(anonymous_15)
FN:324,(anonymous_16)
FN:336,(anonymous_17)
FN:337,(anonymous_18)
FN:344,(anonymous_19)
FN:348,(anonymous_20)
FN:365,(anonymous_21)
FN:366,(anonymous_22)
FN:373,(anonymous_23)
FN:377,(anonymous_24)
FN:417,(anonymous_25)
FN:431,(anonymous_26)
FN:437,(anonymous_27)
FN:449,(anonymous_28)
FN:450,(anonymous_29)
FN:457,(anonymous_30)
FN:461,(anonymous_31)
FN:478,(anonymous_32)
FN:479,(anonymous_33)
FN:486,(anonymous_34)
FN:490,(anonymous_35)
FN:530,(anonymous_36)
FN:543,(anonymous_37)
FN:547,(anonymous_38)
FN:552,(anonymous_39)
FN:561,(anonymous_40)
FN:570,(anonymous_41)
FN:579,(anonymous_42)
FN:603,(anonymous_43)
FN:641,(anonymous_44)
FNF:45
FNH:6
FNDA:7,(anonymous_0)
FNDA:1,(anonymous_1)
FNDA:1,(anonymous_2)
FNDA:1,(anonymous_3)
FNDA:1,(anonymous_4)
FNDA:1,(anonymous_5)
FNDA:0,(anonymous_6)
FNDA:0,(anonymous_7)
FNDA:0,(anonymous_8)
FNDA:0,(anonymous_9)
FNDA:0,(anonymous_10)
FNDA:0,(anonymous_11)
FNDA:0,(anonymous_12)
FNDA:0,(anonymous_13)
FNDA:0,(anonymous_14)
FNDA:0,(anonymous_15)
FNDA:0,(anonymous_16)
FNDA:0,(anonymous_17)
FNDA:0,(anonymous_18)
FNDA:0,(anonymous_19)
FNDA:0,(anonymous_20)
FNDA:0,(anonymous_21)
FNDA:0,(anonymous_22)
FNDA:0,(anonymous_23)
FNDA:0,(anonymous_24)
FNDA:0,(anonymous_25)
FNDA:0,(anonymous_26)
FNDA:0,(anonymous_27)
FNDA:0,(anonymous_28)
FNDA:0,(anonymous_29)
FNDA:0,(anonymous_30)
FNDA:0,(anonymous_31)
FNDA:0,(anonymous_32)
FNDA:0,(anonymous_33)
FNDA:0,(anonymous_34)
FNDA:0,(anonymous_35)
FNDA:0,(anonymous_36)
FNDA:0,(anonymous_37)
FNDA:0,(anonymous_38)
FNDA:0,(anonymous_39)
FNDA:0,(anonymous_40)
FNDA:0,(anonymous_41)
FNDA:0,(anonymous_42)
FNDA:0,(anonymous_43)
FNDA:0,(anonymous_44)
DA:21,1
DA:32,1
DA:40,7
DA:41,7
DA:42,7
DA:43,7
DA:44,7
DA:45,7
DA:46,7
DA:47,7
DA:48,7
DA:49,7
DA:50,7
DA:51,7
DA:52,7
DA:61,7
DA:65,7
DA:72,7
DA:73,1
DA:74,1
DA:77,7
DA:78,1
DA:79,1
DA:82,7
DA:83,1
DA:84,1
DA:87,7
DA:88,1
DA:89,1
DA:92,7
DA:93,1
DA:94,1
DA:97,7
DA:98,0
DA:99,0
DA:100,0
DA:103,0
DA:104,0
DA:108,0
DA:110,0
DA:111,0
DA:112,0
DA:114,0
DA:115,0
DA:118,0
DA:119,0
DA:123,7
DA:124,0
DA:125,0
DA:126,0
DA:128,0
DA:130,0
DA:133,0
DA:134,0
DA:135,0
DA:141,0
DA:143,0
DA:148,0
DA:149,0
DA:151,0
DA:154,0
DA:156,0
DA:160,7
DA:161,0
DA:162,0
DA:169,0
DA:171,0
DA:172,0
DA:173,0
DA:175,0
DA:176,0
DA:177,0
DA:178,0
DA:180,0
DA:181,0
DA:182,0
DA:186,0
DA:190,7
DA:191,0
DA:192,0
DA:194,0
DA:197,0
DA:198,0
DA:201,0
DA:202,0
DA:206,7
DA:207,0
DA:208,0
DA:209,0
DA:212,0
DA:214,0
DA:215,0
DA:216,0
DA:218,0
DA:219,0
DA:220,0
DA:221,0
DA:222,0
DA:226,0
DA:227,0
DA:228,0
DA:229,0
DA:230,0
DA:234,0
DA:237,0
DA:238,0
DA:239,0
DA:243,0
DA:244,0
DA:249,0
DA:250,0
DA:258,0
DA:262,7
DA:263,0
DA:264,0
DA:265,0
DA:266,0
DA:269,7
DA:318,0
DA:324,0
DA:336,0
DA:337,0
DA:345,0
DA:348,0
DA:365,0
DA:366,0
DA:374,0
DA:377,0
DA:417,0
DA:431,0
DA:437,0
DA:449,0
DA:450,0
DA:458,0
DA:461,0
DA:478,0
DA:479,0
DA:487,0
DA:490,0
DA:530,0
DA:543,0
DA:547,0
DA:553,0
DA:554,0
DA:562,0
DA:563,0
DA:571,0
DA:572,0
DA:580,0
DA:604,0
DA:641,0
DA:672,1
LF:152
LH:40
BRDA:21,0,0,1
BRDA:21,0,1,1
BRDA:38,1,0,6
BRDA:74,2,0,1
BRDA:74,2,1,0
BRDA:79,3,0,1
BRDA:79,3,1,0
BRDA:84,4,0,1
BRDA:84,4,1,0
BRDA:89,5,0,1
BRDA:89,5,1,0
BRDA:94,6,0,1
BRDA:94,6,1,0
BRDA:98,7,0,0
BRDA:98,7,1,0
BRDA:110,8,0,0
BRDA:110,8,1,0
BRDA:110,9,0,0
BRDA:110,9,1,0
BRDA:118,10,0,0
BRDA:118,10,1,0
BRDA:124,11,0,0
BRDA:124,11,1,0
BRDA:124,12,0,0
BRDA:124,12,1,0
BRDA:125,13,0,0
BRDA:125,13,1,0
BRDA:143,14,0,0
BRDA:143,14,1,0
BRDA:148,15,0,0
BRDA:148,15,1,0
BRDA:171,16,0,0
BRDA:171,16,1,0
BRDA:175,17,0,0
BRDA:175,17,1,0
BRDA:191,18,0,0
BRDA:191,18,1,0
BRDA:197,19,0,0
BRDA:197,19,1,0
BRDA:207,20,0,0
BRDA:207,20,1,0
BRDA:207,21,0,0
BRDA:207,21,1,0
BRDA:218,22,0,0
BRDA:218,22,1,0
BRDA:218,23,0,0
BRDA:218,23,1,0
BRDA:220,24,0,0
BRDA:220,24,1,0
BRDA:226,25,0,0
BRDA:226,25,1,0
BRDA:226,26,0,0
BRDA:226,26,1,0
BRDA:228,27,0,0
BRDA:228,27,1,0
BRDA:238,28,0,0
BRDA:238,28,1,0
BRDA:238,29,0,0
BRDA:238,29,1,0
BRDA:243,30,0,0
BRDA:243,30,1,0
BRDA:249,31,0,0
BRDA:249,31,1,0
BRDA:339,32,0,7
BRDA:339,32,1,0
BRDA:339,32,2,0
BRDA:341,33,0,0
BRDA:341,33,1,0
BRDA:368,34,0,7
BRDA:368,34,1,0
BRDA:368,34,2,0
BRDA:370,35,0,0
BRDA:370,35,1,0
BRDA:392,36,0,0
BRDA:392,36,1,7
BRDA:407,37,0,7
BRDA:407,37,1,7
BRDA:407,37,2,7
BRDA:407,37,3,0
BRDA:410,38,0,0
BRDA:410,38,1,0
BRDA:410,39,0,0
BRDA:410,39,1,0
BRDA:412,40,0,0
BRDA:412,40,1,0
BRDA:452,41,0,7
BRDA:452,41,1,0
BRDA:452,41,2,0
BRDA:454,42,0,0
BRDA:454,42,1,0
BRDA:481,43,0,7
BRDA:481,43,1,0
BRDA:481,43,2,0
BRDA:483,44,0,0
BRDA:483,44,1,0
BRDA:505,45,0,0
BRDA:505,45,1,7
BRDA:520,46,0,7
BRDA:520,46,1,7
BRDA:520,46,2,7
BRDA:520,46,3,0
BRDA:523,47,0,0
BRDA:523,47,1,0
BRDA:523,48,0,0
BRDA:523,48,1,0
BRDA:525,49,0,0
BRDA:525,49,1,0
BRDA:617,50,0,7
BRDA:617,50,1,0
BRDA:627,51,0,7
BRDA:627,51,1,0
BRF:111
BRH:22
end_of_record
TN:
SF:src/screens/ModeratorDashboard.tsx
FN:61,(anonymous_0)
FN:66,(anonymous_1)
FN:67,(anonymous_2)
FN:68,(anonymous_3)
FN:71,(anonymous_4)
FN:73,(anonymous_5)
FN:80,(anonymous_6)
FN:82,(anonymous_7)
FN:89,(anonymous_8)
FN:91,(anonymous_9)
FN:98,(anonymous_10)
FN:113,(anonymous_11)
FN:128,(anonymous_12)
FN:131,(anonymous_13)
FN:159,(anonymous_14)
FN:240,(anonymous_15)
FN:247,(anonymous_16)
FN:254,(anonymous_17)
FN:265,(anonymous_18)
FN:272,(anonymous_19)
FN:317,(anonymous_20)
FNF:21
FNH:19
FNDA:23,(anonymous_0)
FNDA:69,(anonymous_1)
FNDA:69,(anonymous_2)
FNDA:69,(anonymous_3)
FNDA:2,(anonymous_4)
FNDA:6,(anonymous_5)
FNDA:1,(anonymous_6)
FNDA:3,(anonymous_7)
FNDA:2,(anonymous_8)
FNDA:6,(anonymous_9)
FNDA:55,(anonymous_10)
FNDA:55,(anonymous_11)
FNDA:48,(anonymous_12)
FNDA:7,(anonymous_13)
FNDA:2,(anonymous_14)
FNDA:2,(anonymous_15)
FNDA:2,(anonymous_16)
FNDA:1,(anonymous_17)
FNDA:0,(anonymous_18)
FNDA:0,(anonymous_19)
FNDA:64,(anonymous_20)
DA:28,2
DA:61,2
DA:62,23
DA:63,23
DA:65,23
DA:66,69
DA:67,69
DA:68,69
DA:71,23
DA:72,2
DA:74,6
DA:77,2
DA:80,23
DA:81,1
DA:83,3
DA:86,1
DA:89,23
DA:90,2
DA:92,6
DA:95,2
DA:98,23
DA:99,55
DA:101,18
DA:103,18
DA:105,18
DA:107,1
DA:109,0
DA:113,23
DA:114,55
DA:116,18
DA:118,18
DA:120,18
DA:122,1
DA:124,0
DA:128,23
DA:129,48
DA:131,7
DA:155,23
DA:156,7
DA:159,2
DA:240,2
DA:247,2
DA:254,1
DA:265,0
DA:272,0
DA:285,16
DA:317,64
DA:329,2
LF:48
LH:44
BRDA:68,0,0,69
BRDA:68,0,1,44
BRDA:74,1,0,2
BRDA:74,1,1,4
BRDA:83,2,0,1
BRDA:83,2,1,2
BRDA:92,3,0,2
BRDA:92,3,1,4
BRDA:99,4,0,18
BRDA:99,4,1,18
BRDA:99,4,2,18
BRDA:99,4,3,1
BRDA:99,4,4,0
BRDA:114,5,0,18
BRDA:114,5,1,18
BRDA:114,5,2,18
BRDA:114,5,3,1
BRDA:114,5,4,0
BRDA:155,6,0,7
BRDA:155,6,1,16
BRDA:203,7,0,7
BRDA:203,7,1,7
BRDA:236,8,0,7
BRDA:236,8,1,7
BRDA:261,9,0,7
BRDA:261,9,1,0
BRF:26
BRH:23
end_of_record
TN:
SF:src/screens/ModeratorLoginScreen.tsx
FN:25,(anonymous_0)
FN:34,(anonymous_1)
FN:48,(anonymous_2)
FN:50,(anonymous_3)
FN:81,(anonymous_4)
FN:123,(anonymous_5)
FNF:6
FNH:6
FNDA:30,(anonymous_0)
FNDA:5,(anonymous_1)
FNDA:4,(anonymous_2)
FNDA:8,(anonymous_3)
FNDA:90,(anonymous_4)
FNDA:2,(anonymous_5)
DA:19,2
DA:25,2
DA:29,30
DA:30,30
DA:31,30
DA:32,30
DA:34,30
DA:35,5
DA:36,0
DA:37,0
DA:40,5
DA:41,0
DA:42,0
DA:45,5
DA:48,5
DA:49,4
DA:50,8
DA:53,4
DA:55,4
DA:56,2
DA:58,2
DA:59,2
DA:64,30
DA:82,90
DA:123,2
DA:164,2
LF:26
LH:22
BRDA:35,0,0,0
BRDA:35,0,1,5
BRDA:40,1,0,0
BRDA:40,1,1,5
BRDA:50,2,0,8
BRDA:50,2,1,3
BRDA:55,3,0,2
BRDA:55,3,1,2
BRDA:126,4,0,1
BRDA:126,4,1,29
BRDA:133,5,0,30
BRDA:133,5,1,5
BRDA:138,6,0,5
BRDA:138,6,1,25
BRF:14
BRH:12
end_of_record
TN:
SF:src/screens/ProfileScreen.tsx
FN:63,(anonymous_0)
FN:73,(anonymous_1)
FN:77,(anonymous_2)
FN:166,(anonymous_3)
FN:197,(anonymous_4)
FN:205,(anonymous_5)
FN:213,(anonymous_6)
FNF:7
FNH:7
FNDA:6,(anonymous_0)
FNDA:3,(anonymous_1)
FNDA:12,(anonymous_2)
FNDA:18,(anonymous_3)
FNDA:1,(anonymous_4)
FNDA:1,(anonymous_5)
FNDA:1,(anonymous_6)
DA:34,1
DA:63,1
DA:69,6
DA:70,6
DA:71,6
DA:73,6
DA:74,3
DA:77,6
DA:78,12
DA:115,6
DA:166,18
DA:197,1
DA:205,1
DA:213,1
DA:226,1
LF:15
LH:15
BRF:0
BRH:0
end_of_record
TN:
SF:src/screens/RideGroupsScreen.tsx
FN:91,(anonymous_0)
FN:102,(anonymous_1)
FN:103,(anonymous_2)
FN:114,(anonymous_3)
FN:117,(anonymous_4)
FN:153,(anonymous_5)
FN:252,(anonymous_6)
FN:261,(anonymous_7)
FN:270,(anonymous_8)
FN:280,(anonymous_9)
FNF:10
FNH:8
FNDA:18,(anonymous_0)
FNDA:1,(anonymous_1)
FNDA:1,(anonymous_2)
FNDA:72,(anonymous_3)
FNDA:2,(anonymous_4)
FNDA:72,(anonymous_5)
FNDA:0,(anonymous_6)
FNDA:0,(anonymous_7)
FNDA:1,(anonymous_8)
FNDA:85,(anonymous_9)
DA:28,1
DA:91,1
DA:98,18
DA:99,18
DA:100,18
DA:102,18
DA:103,1
DA:104,1
DA:105,1
DA:106,0
DA:108,1
DA:110,1
DA:114,18
DA:115,72
DA:117,2
DA:154,72
DA:202,18
DA:252,0
DA:261,0
DA:270,1
DA:280,85
DA:288,1
LF:22
LH:19
BRDA:105,0,0,0
BRDA:105,0,1,1
BRDA:151,1,0,72
BRDA:151,1,1,54
BRDA:160,2,0,18
BRDA:160,2,1,54
BRDA:171,3,0,18
BRDA:171,3,1,54
BRDA:250,4,0,18
BRDA:250,4,1,0
BRDA:259,5,0,18
BRDA:259,5,1,0
BRDA:268,6,0,18
BRDA:268,6,1,1
BRF:14
BRH:11
end_of_record
TN:
SF:src/screens/RideJoiningScreen.tsx
FN:76,(anonymous_0)
FN:94,(anonymous_1)
FN:101,(anonymous_2)
FN:105,(anonymous_3)
FN:143,(anonymous_4)
FN:193,(anonymous_5)
FN:204,(anonymous_6)
FNF:7
FNH:6
FNDA:4,(anonymous_0)
FNDA:0,(anonymous_1)
FNDA:1,(anonymous_2)
FNDA:12,(anonymous_3)
FNDA:4,(anonymous_4)
FNDA:16,(anonymous_5)
FNDA:8,(anonymous_6)
DA:39,1
DA:66,1
DA:76,1
DA:83,4
DA:85,4
DA:94,4
DA:95,0
DA:97,0
DA:101,4
DA:102,1
DA:105,4
DA:106,12
DA:143,4
DA:144,4
DA:156,4
DA:193,16
DA:204,8
DA:244,1
LF:18
LH:16
BRDA:86,0,0,4
BRDA:86,0,1,0
BRDA:89,1,0,4
BRDA:89,1,1,0
BRDA:90,2,0,4
BRDA:90,2,1,0
BRDA:91,3,0,4
BRDA:91,3,1,0
BRDA:95,4,0,0
BRDA:95,4,1,0
BRDA:109,5,0,4
BRDA:109,5,1,8
BRDA:116,6,0,12
BRDA:116,6,1,4
BRDA:126,7,0,12
BRDA:126,7,1,4
BRDA:133,8,0,4
BRDA:133,8,1,8
BRDA:137,9,0,12
BRDA:137,9,1,4
BRDA:147,10,0,4
BRDA:147,10,1,4
BRF:22
BRH:16
end_of_record
TN:
SF:src/screens/SettingsScreen.tsx
FN:17,(anonymous_0)
FN:141,(anonymous_1)
FN:161,(anonymous_2)
FN:176,(anonymous_3)
FNF:4
FNH:1
FNDA:1,(anonymous_0)
FNDA:0,(anonymous_1)
FNDA:0,(anonymous_2)
FNDA:0,(anonymous_3)
DA:17,1
DA:18,1
DA:19,1
DA:20,1
DA:21,1
DA:23,1
DA:196,1
LF:7
LH:7
BRF:0
BRH:0
end_of_record
TN:
SF:src/screens/SignInPage.tsx
FN:25,(anonymous_0)
FN:36,(anonymous_1)
FN:46,(anonymous_2)
FN:50,(anonymous_3)
FN:54,(anonymous_4)
FN:118,(anonymous_5)
FNF:6
FNH:6
FNDA:22,(anonymous_0)
FNDA:6,(anonymous_1)
FNDA:1,(anonymous_2)
FNDA:1,(anonymous_3)
FNDA:1,(anonymous_4)
FNDA:1,(anonymous_5)
DA:25,1
DA:31,22
DA:32,22
DA:33,22
DA:34,22
DA:36,22
DA:37,6
DA:38,4
DA:39,4
DA:40,4
DA:42,4
DA:46,22
DA:47,1
DA:50,22
DA:51,1
DA:54,22
DA:55,1
DA:58,22
DA:118,1
DA:172,1
LF:20
LH:20
BRDA:37,0,0,4
BRDA:37,0,1,2
BRDA:37,1,0,6
BRDA:37,1,1,5
BRDA:38,2,0,4
BRDA:38,2,1,0
BRDA:47,3,0,1
BRDA:47,3,1,0
BRDA:51,4,0,1
BRDA:51,4,1,0
BRDA:55,5,0,1
BRDA:55,5,1,0
BRDA:123,6,0,1
BRDA:123,6,1,21
BRDA:135,7,0,22
BRDA:135,7,1,0
BRDA:140,8,0,0
BRDA:140,8,1,22
BRF:18
BRH:12
end_of_record
TN:
SF:src/screens/SignUpPage.tsx
FN:26,(anonymous_0)
FN:59,(anonymous_1)
FN:60,(anonymous_2)
FN:74,(anonymous_3)
FN:79,(anonymous_4)
FN:83,(anonymous_5)
FN:108,(anonymous_6)
FN:128,(anonymous_7)
FN:161,(anonymous_8)
FN:223,(anonymous_9)
FN:241,(anonymous_10)
FN:262,(anonymous_11)
FN:276,(anonymous_12)
FN:290,(anonymous_13)
FN:294,(anonymous_14)
FN:298,(anonymous_15)
FN:302,(anonymous_16)
FN:318,(anonymous_17)
FN:337,(anonymous_18)
FN:423,(anonymous_19)
FN:442,(anonymous_20)
FN:460,(anonymous_21)
FNF:22
FNH:19
FNDA:56,(anonymous_0)
FNDA:30,(anonymous_1)
FNDA:30,(anonymous_2)
FNDA:4,(anonymous_3)
FNDA:4,(anonymous_4)
FNDA:4,(anonymous_5)
FNDA:3,(anonymous_6)
FNDA:1,(anonymous_7)
FNDA:1,(anonymous_8)
FNDA:5,(anonymous_9)
FNDA:4,(anonymous_10)
FNDA:4,(anonymous_11)
FNDA:4,(anonymous_12)
FNDA:0,(anonymous_13)
FNDA:0,(anonymous_14)
FNDA:224,(anonymous_15)
FNDA:4,(anonymous_16)
FNDA:0,(anonymous_17)
FNDA:7,(anonymous_18)
FNDA:1,(anonymous_19)
FNDA:1,(anonymous_20)
FNDA:4,(anonymous_21)
DA:26,1
DA:30,56
DA:41,56
DA:43,56
DA:44,56
DA:45,56
DA:46,56
DA:47,56
DA:49,56
DA:57,56
DA:59,56
DA:60,30
DA:61,30
DA:66,30
DA:67,2
DA:70,30
DA:74,56
DA:75,4
DA:76,4
DA:79,56
DA:80,4
DA:83,56
DA:84,4
DA:85,0
DA:86,0
DA:89,4
DA:90,1
DA:91,1
DA:94,3
DA:95,3
DA:96,3
DA:97,3
DA:98,3
DA:100,0
DA:101,0
DA:103,0
DA:108,56
DA:109,3
DA:110,0
DA:111,0
DA:114,3
DA:115,3
DA:116,3
DA:117,3
DA:119,0
DA:120,0
DA:121,0
DA:123,0
DA:128,56
DA:129,1
DA:130,0
DA:131,0
DA:134,1
DA:135,0
DA:136,0
DA:139,1
DA:140,0
DA:141,0
DA:144,1
DA:153,1
DA:154,1
DA:155,1
DA:156,0
DA:157,0
DA:161,56
DA:162,1
DA:166,56
DA:176,56
DA:224,5
DA:242,4
DA:263,4
DA:276,4
DA:290,0
DA:294,0
DA:299,224
DA:302,4
DA:318,0
DA:338,7
DA:339,7
DA:340,7
DA:341,7
DA:424,1
DA:443,1
DA:461,4
DA:508,1
LF:85
LH:63
BRDA:66,0,0,2
BRDA:66,0,1,28
BRDA:66,1,0,30
BRDA:66,1,1,29
BRDA:84,2,0,0
BRDA:84,2,1,4
BRDA:89,3,0,1
BRDA:89,3,1,3
BRDA:95,4,0,3
BRDA:95,4,1,0
BRDA:100,5,0,0
BRDA:100,5,1,0
BRDA:109,6,0,0
BRDA:109,6,1,3
BRDA:115,7,0,3
BRDA:115,7,1,0
BRDA:120,8,0,0
BRDA:120,8,1,0
BRDA:129,9,0,0
BRDA:129,9,1,1
BRDA:129,10,0,1
BRDA:129,10,1,1
BRDA:134,11,0,0
BRDA:134,11,1,1
BRDA:139,12,0,0
BRDA:139,12,1,1
BRDA:153,13,0,1
BRDA:153,13,1,0
BRDA:155,14,0,1
BRDA:155,14,1,0
BRDA:156,15,0,0
BRDA:156,15,1,0
BRDA:162,16,0,1
BRDA:162,16,1,0
BRDA:166,17,0,56
BRDA:166,17,1,36
BRDA:166,17,2,31
BRDA:166,17,3,27
BRDA:166,17,4,11
BRDA:166,17,5,11
BRDA:166,17,6,5
BRDA:166,17,7,5
BRDA:166,17,8,5
BRDA:280,18,0,56
BRDA:280,18,1,45
BRDA:307,19,0,224
BRDA:307,19,1,11
BRDA:312,20,0,224
BRDA:312,20,1,11
BRDA:349,21,0,56
BRDA:349,21,1,3
BRDA:352,22,0,56
BRDA:352,22,1,56
BRDA:355,23,0,0
BRDA:355,23,1,56
BRDA:361,24,0,56
BRDA:361,24,1,3
BRDA:364,25,0,3
BRDA:364,25,1,53
BRDA:364,26,0,6
BRDA:364,26,1,47
BRDA:370,27,0,56
BRDA:370,27,1,9
BRDA:370,27,2,6
BRDA:384,28,0,6
BRDA:384,28,1,6
BRDA:387,29,0,0
BRDA:387,29,1,6
BRDA:396,30,0,56
BRDA:396,30,1,53
BRDA:396,30,2,29
BRDA:396,30,3,1
BRDA:401,31,0,56
BRDA:401,31,1,53
BRDA:401,31,2,6
BRDA:406,32,0,56
BRDA:406,32,1,3
BRDA:452,33,0,56
BRDA:452,33,1,10
BRDA:452,33,2,8
BRDA:452,33,3,0
BRDA:465,34,0,7
BRDA:465,34,1,49
BRDA:478,35,0,56
BRDA:478,35,1,4
BRDA:478,35,2,1
BRDA:478,35,3,55
BRDA:481,36,0,56
BRDA:481,36,1,4
BRDA:481,36,2,1
BRDA:484,37,0,0
BRDA:484,37,1,56
BRF:92
BRH:72
end_of_record
TN:
SF:src/services/api/index.ts
FN:58,(anonymous_0)
FN:60,(anonymous_1)
FN:74,(anonymous_2)
FN:88,(anonymous_3)
FN:102,(anonymous_4)
FN:116,(anonymous_5)
FN:130,(anonymous_6)
FN:151,(anonymous_7)
FN:173,(anonymous_8)
FN:190,(anonymous_9)
FN:203,(anonymous_10)
FN:221,(anonymous_11)
FN:238,(anonymous_12)
FN:261,(anonymous_13)
FN:274,(anonymous_14)
FNF:15
FNH:0
FNDA:0,(anonymous_0)
FNDA:0,(anonymous_1)
FNDA:0,(anonymous_2)
FNDA:0,(anonymous_3)
FNDA:0,(anonymous_4)
FNDA:0,(anonymous_5)
FNDA:0,(anonymous_6)
FNDA:0,(anonymous_7)
FNDA:0,(anonymous_8)
FNDA:0,(anonymous_9)
FNDA:0,(anonymous_10)
FNDA:0,(anonymous_11)
FNDA:0,(anonymous_12)
FNDA:0,(anonymous_13)
FNDA:0,(anonymous_14)
DA:4,1
DA:58,1
DA:59,0
DA:60,0
DA:63,0
DA:65,0
DA:70,1
DA:75,0
DA:82,0
DA:89,0
DA:96,0
DA:103,0
DA:110,0
DA:117,0
DA:124,0
DA:134,0
DA:141,0
DA:147,1
DA:156,0
DA:167,0
DA:174,0
DA:180,0
DA:186,1
DA:191,0
DA:197,0
DA:207,0
DA:215,0
DA:222,0
DA:228,0
DA:234,1
DA:247,0
DA:255,0
DA:262,0
DA:268,0
DA:275,0
DA:281,0
LF:36
LH:6
BRDA:4,0,0,1
BRDA:4,0,1,1
BRDA:59,1,0,0
BRDA:59,1,1,0
BRDA:63,2,0,0
BRDA:63,2,1,0
BRF:6
BRH:2
end_of_record
TN:
SF:src/theme/colors.ts
FNF:0
FNH:0
DA:2,10
DA:41,10
DA:50,10
DA:58,10
DA:68,10
LF:5
LH:5
BRF:0
BRH:0
end_of_record
